-- Found ament_cmake: 2.0.7 (/opt/ros/iron/share/ament_cmake/cmake)
-- Override CMake install command with custom implementation using symlinks instead of copying resources
-- Found rosidl_default_generators: 1.5.0 (/opt/ros/iron/share/rosidl_default_generators/cmake)
-- Using all available rosidl_typesupport_c: rosidl_typesupport_fastrtps_c;rosidl_typesupport_introspection_c
-- Using all available rosidl_typesupport_cpp: rosidl_typesupport_fastrtps_cpp;rosidl_typesupport_introspection_cpp
-- Found rosidl_adapter: 4.0.1 (/opt/ros/iron/share/rosidl_adapter/cmake)
-- Found ament_cmake_ros: 0.11.2 (/opt/ros/iron/share/ament_cmake_ros/cmake)
-- Using all available rosidl_typesupport_c: rosidl_typesupport_fastrtps_c;rosidl_typesupport_introspection_c
-- Using all available rosidl_typesupport_cpp: rosidl_typesupport_fastrtps_cpp;rosidl_typesupport_introspection_cpp
-- Found PythonInterp: /usr/bin/python3 (found suitable version "3.10.12", minimum required is "3.6") 
-- Found python_cmake_module: 0.10.2 (/opt/ros/iron/share/python_cmake_module/cmake)
-- Found PythonLibs: /usr/lib/x86_64-linux-gnu/libpython3.10.so (found suitable version "3.10.12", minimum required is "3.5") 
-- Using PYTHON_EXECUTABLE: /usr/bin/python3
-- Using PYTHON_INCLUDE_DIRS: /usr/include/python3.10
-- Using PYTHON_LIBRARIES: /usr/lib/x86_64-linux-gnu/libpython3.10.so
-- Found PythonExtra: .so  
-- Found ament_lint_auto: 0.14.4 (/opt/ros/iron/share/ament_lint_auto/cmake)
-- Added test 'cppcheck' to perform static code analysis on C / C++ code
-- Configured cppcheck include dirs: $<BUILD_INTERFACE:/home/thibault/ros2_ws/src/nimblbot-welding/telesoud_msgs/build/telesoud_msgs/rosidl_generator_c>;$<BUILD_INTERFACE:/home/thibault/ros2_ws/src/nimblbot-welding/telesoud_msgs/build/telesoud_msgs/rosidl_typesupport_fastrtps_c>;$<BUILD_INTERFACE:/home/thibault/ros2_ws/src/nimblbot-welding/telesoud_msgs/build/telesoud_msgs/rosidl_typesupport_introspection_c>;$<BUILD_INTERFACE:/home/thibault/ros2_ws/src/nimblbot-welding/telesoud_msgs/build/telesoud_msgs/rosidl_generator_cpp>;$<BUILD_INTERFACE:/home/thibault/ros2_ws/src/nimblbot-welding/telesoud_msgs/build/telesoud_msgs/rosidl_typesupport_fastrtps_cpp>;$<BUILD_INTERFACE:/home/thibault/ros2_ws/src/nimblbot-welding/telesoud_msgs/build/telesoud_msgs/rosidl_typesupport_introspection_cpp>;/home/thibault/ros2_ws/src/nimblbot-welding/telesoud_msgs/build/telesoud_msgs/rosidl_generator_c;/home/thibault/ros2_ws/src/nimblbot-welding/telesoud_msgs/build/telesoud_msgs/rosidl_generator_py
-- Configured cppcheck exclude dirs and/or files: 
-- Added test 'flake8' to check Python code syntax and style conventions
-- Configured 'flake8' exclude dirs and/or files: 
-- Added test 'lint_cmake' to check CMake code style
-- Added test 'pep257' to check Python code against some of the docstring style conventions in PEP 257
-- Added test 'uncrustify' to check C / C++ code style
-- Configured uncrustify additional arguments: 
-- Added test 'xmllint' to check XML markup files
-- Configuring done
-- Generating done
-- Build files have been written to: /home/thibault/ros2_ws/src/nimblbot-welding/telesoud_msgs/build/telesoud_msgs
[  2%] [34m[1mGenerating type hashes for ROS interfaces[0m
[  2%] Built target ament_cmake_python_symlink_telesoud_msgs
[  2%] Built target telesoud_msgs__rosidl_generator_type_description
[  5%] [34m[1mGenerating C code for ROS interfaces[0m
[  8%] [34m[1mGenerating C++ code for ROS interfaces[0m
running egg_info
creating telesoud_msgs.egg-info
writing telesoud_msgs.egg-info/PKG-INFO
writing dependency_links to telesoud_msgs.egg-info/dependency_links.txt
writing top-level names to telesoud_msgs.egg-info/top_level.txt
writing manifest file 'telesoud_msgs.egg-info/SOURCES.txt'
reading manifest file 'telesoud_msgs.egg-info/SOURCES.txt'
writing manifest file 'telesoud_msgs.egg-info/SOURCES.txt'
[  8%] Built target ament_cmake_python_build_telesoud_msgs_egg
[  8%] Built target telesoud_msgs__cpp
[ 14%] [32mBuilding C object CMakeFiles/telesoud_msgs__rosidl_generator_c.dir/rosidl_generator_c/telesoud_msgs/msg/detail/telesoud_instruction__description.c.o[0m
[ 14%] [32mBuilding C object CMakeFiles/telesoud_msgs__rosidl_generator_c.dir/rosidl_generator_c/telesoud_msgs/msg/detail/telesoud_instruction__functions.c.o[0m
[ 17%] [32mBuilding C object CMakeFiles/telesoud_msgs__rosidl_generator_c.dir/rosidl_generator_c/telesoud_msgs/msg/detail/telesoud_instruction__type_support.c.o[0m
[ 20%] [32m[1mLinking C shared library libtelesoud_msgs__rosidl_generator_c.so[0m
[ 20%] Built target telesoud_msgs__rosidl_generator_c
[ 26%] [34m[1mGenerating C introspection for ROS interfaces[0m
[ 26%] [34m[1mGenerating C++ introspection for ROS interfaces[0m
[ 29%] [34m[1mGenerating C type support for eProsima Fast-RTPS[0m
[ 32%] [34m[1mGenerating C++ type support dispatch for ROS interfaces[0m
[ 35%] [34m[1mGenerating C type support dispatch for ROS interfaces[0m
[ 38%] [34m[1mGenerating C++ type support for eProsima Fast-RTPS[0m
[ 41%] [32mBuilding CXX object CMakeFiles/telesoud_msgs__rosidl_typesupport_c.dir/rosidl_typesupport_c/telesoud_msgs/msg/telesoud_instruction__type_support.cpp.o[0m
[ 44%] [32mBuilding CXX object CMakeFiles/telesoud_msgs__rosidl_typesupport_introspection_cpp.dir/rosidl_typesupport_introspection_cpp/telesoud_msgs/msg/detail/telesoud_instruction__type_support.cpp.o[0m
[ 47%] [32m[1mLinking CXX shared library libtelesoud_msgs__rosidl_typesupport_c.so[0m
[ 47%] Built target telesoud_msgs__rosidl_typesupport_c
[ 50%] [32mBuilding CXX object CMakeFiles/telesoud_msgs__rosidl_typesupport_cpp.dir/rosidl_typesupport_cpp/telesoud_msgs/msg/telesoud_instruction__type_support.cpp.o[0m
[ 52%] [32mBuilding CXX object CMakeFiles/telesoud_msgs__rosidl_typesupport_fastrtps_cpp.dir/rosidl_typesupport_fastrtps_cpp/telesoud_msgs/msg/detail/dds_fastrtps/telesoud_instruction__type_support.cpp.o[0m
[ 58%] [32mBuilding CXX object CMakeFiles/telesoud_msgs__rosidl_typesupport_fastrtps_c.dir/rosidl_typesupport_fastrtps_c/telesoud_msgs/msg/detail/telesoud_instruction__type_support_c.cpp.o[0m
[ 58%] [32mBuilding C object CMakeFiles/telesoud_msgs__rosidl_typesupport_introspection_c.dir/rosidl_typesupport_introspection_c/telesoud_msgs/msg/detail/telesoud_instruction__type_support.c.o[0m
[ 61%] [32m[1mLinking C shared library libtelesoud_msgs__rosidl_typesupport_introspection_c.so[0m
[ 61%] Built target telesoud_msgs__rosidl_typesupport_introspection_c
[ 64%] [32m[1mLinking CXX shared library libtelesoud_msgs__rosidl_typesupport_introspection_cpp.so[0m
[ 67%] [32m[1mLinking CXX shared library libtelesoud_msgs__rosidl_typesupport_fastrtps_c.so[0m
[ 70%] [32m[1mLinking CXX shared library libtelesoud_msgs__rosidl_typesupport_cpp.so[0m
[ 70%] Built target telesoud_msgs__rosidl_typesupport_introspection_cpp
[ 70%] Built target telesoud_msgs__rosidl_typesupport_fastrtps_c
[ 70%] Built target telesoud_msgs__rosidl_typesupport_cpp
[ 73%] [32m[1mLinking CXX shared library libtelesoud_msgs__rosidl_typesupport_fastrtps_cpp.so[0m
[ 73%] Built target telesoud_msgs__rosidl_typesupport_fastrtps_cpp
[ 73%] Built target telesoud_msgs
[ 76%] [34m[1mGenerating Python code for ROS interfaces[0m
[ 76%] Built target telesoud_msgs__py
[ 79%] [32mBuilding C object CMakeFiles/telesoud_msgs__rosidl_generator_py.dir/rosidl_generator_py/telesoud_msgs/msg/_telesoud_instruction_s.c.o[0m
[ 82%] [32m[1mLinking C shared library rosidl_generator_py/telesoud_msgs/libtelesoud_msgs__rosidl_generator_py.so[0m
[ 82%] Built target telesoud_msgs__rosidl_generator_py
[ 91%] [32mBuilding C object CMakeFiles/telesoud_msgs__rosidl_typesupport_c__pyext.dir/rosidl_generator_py/telesoud_msgs/_telesoud_msgs_s.ep.rosidl_typesupport_c.c.o[0m
[ 91%] [32mBuilding C object CMakeFiles/telesoud_msgs__rosidl_typesupport_introspection_c__pyext.dir/rosidl_generator_py/telesoud_msgs/_telesoud_msgs_s.ep.rosidl_typesupport_introspection_c.c.o[0m
[ 91%] [32mBuilding C object CMakeFiles/telesoud_msgs__rosidl_typesupport_fastrtps_c__pyext.dir/rosidl_generator_py/telesoud_msgs/_telesoud_msgs_s.ep.rosidl_typesupport_fastrtps_c.c.o[0m
[ 94%] [32m[1mLinking C shared library rosidl_generator_py/telesoud_msgs/telesoud_msgs_s__rosidl_typesupport_c.cpython-310-x86_64-linux-gnu.so[0m
[ 97%] [32m[1mLinking C shared library rosidl_generator_py/telesoud_msgs/telesoud_msgs_s__rosidl_typesupport_fastrtps_c.cpython-310-x86_64-linux-gnu.so[0m
[100%] [32m[1mLinking C shared library rosidl_generator_py/telesoud_msgs/telesoud_msgs_s__rosidl_typesupport_introspection_c.cpython-310-x86_64-linux-gnu.so[0m
[100%] Built target telesoud_msgs__rosidl_typesupport_introspection_c__pyext
[100%] Built target telesoud_msgs__rosidl_typesupport_fastrtps_c__pyext
[100%] Built target telesoud_msgs__rosidl_typesupport_c__pyext
-- Install configuration: ""
-- Execute custom install script
-- Symlinking: /home/thibault/ros2_ws/src/nimblbot-welding/telesoud_msgs/install/telesoud_msgs/share/ament_index/resource_index/rosidl_interfaces/telesoud_msgs
-- Symlinking: /home/thibault/ros2_ws/src/nimblbot-welding/telesoud_msgs/install/telesoud_msgs/share/telesoud_msgs/msg/TelesoudInstruction.json
-- Symlinking: /home/thibault/ros2_ws/src/nimblbot-welding/telesoud_msgs/install/telesoud_msgs/include/telesoud_msgs/telesoud_msgs/msg/detail/telesoud_instruction__functions.h
-- Symlinking: /home/thibault/ros2_ws/src/nimblbot-welding/telesoud_msgs/install/telesoud_msgs/include/telesoud_msgs/telesoud_msgs/msg/detail/telesoud_instruction__struct.h
-- Symlinking: /home/thibault/ros2_ws/src/nimblbot-welding/telesoud_msgs/install/telesoud_msgs/include/telesoud_msgs/telesoud_msgs/msg/detail/telesoud_instruction__type_support.h
-- Symlinking: /home/thibault/ros2_ws/src/nimblbot-welding/telesoud_msgs/install/telesoud_msgs/include/telesoud_msgs/telesoud_msgs/msg/rosidl_generator_c__visibility_control.h
-- Symlinking: /home/thibault/ros2_ws/src/nimblbot-welding/telesoud_msgs/install/telesoud_msgs/include/telesoud_msgs/telesoud_msgs/msg/telesoud_instruction.h
-- Symlinking: /home/thibault/ros2_ws/src/nimblbot-welding/telesoud_msgs/install/telesoud_msgs/share/telesoud_msgs/environment/library_path.sh
-- Symlinking: /home/thibault/ros2_ws/src/nimblbot-welding/telesoud_msgs/install/telesoud_msgs/share/telesoud_msgs/environment/library_path.dsv
-- Symlinking: /home/thibault/ros2_ws/src/nimblbot-welding/telesoud_msgs/install/telesoud_msgs/include/telesoud_msgs/telesoud_msgs/msg/detail/telesoud_instruction__rosidl_typesupport_fastrtps_c.h
-- Symlinking: /home/thibault/ros2_ws/src/nimblbot-welding/telesoud_msgs/install/telesoud_msgs/include/telesoud_msgs/telesoud_msgs/msg/rosidl_typesupport_fastrtps_c__visibility_control.h
-- Symlinking: /home/thibault/ros2_ws/src/nimblbot-welding/telesoud_msgs/install/telesoud_msgs/include/telesoud_msgs/telesoud_msgs/msg/detail/telesoud_instruction__rosidl_typesupport_introspection_c.h
-- Symlinking: /home/thibault/ros2_ws/src/nimblbot-welding/telesoud_msgs/install/telesoud_msgs/include/telesoud_msgs/telesoud_msgs/msg/rosidl_typesupport_introspection_c__visibility_control.h
-- Symlinking: /home/thibault/ros2_ws/src/nimblbot-welding/telesoud_msgs/install/telesoud_msgs/include/telesoud_msgs/telesoud_msgs/msg/detail/telesoud_instruction__builder.hpp
-- Symlinking: /home/thibault/ros2_ws/src/nimblbot-welding/telesoud_msgs/install/telesoud_msgs/include/telesoud_msgs/telesoud_msgs/msg/detail/telesoud_instruction__struct.hpp
-- Symlinking: /home/thibault/ros2_ws/src/nimblbot-welding/telesoud_msgs/install/telesoud_msgs/include/telesoud_msgs/telesoud_msgs/msg/detail/telesoud_instruction__traits.hpp
-- Symlinking: /home/thibault/ros2_ws/src/nimblbot-welding/telesoud_msgs/install/telesoud_msgs/include/telesoud_msgs/telesoud_msgs/msg/telesoud_instruction.hpp
-- Symlinking: /home/thibault/ros2_ws/src/nimblbot-welding/telesoud_msgs/install/telesoud_msgs/include/telesoud_msgs/telesoud_msgs/msg/detail/telesoud_instruction__rosidl_typesupport_fastrtps_cpp.hpp
-- Symlinking: /home/thibault/ros2_ws/src/nimblbot-welding/telesoud_msgs/install/telesoud_msgs/include/telesoud_msgs/telesoud_msgs/msg/rosidl_typesupport_fastrtps_cpp__visibility_control.h
-- Symlinking: /home/thibault/ros2_ws/src/nimblbot-welding/telesoud_msgs/install/telesoud_msgs/include/telesoud_msgs/telesoud_msgs/msg/detail/telesoud_instruction__rosidl_typesupport_introspection_cpp.hpp
-- Symlinking: /home/thibault/ros2_ws/src/nimblbot-welding/telesoud_msgs/install/telesoud_msgs/share/telesoud_msgs/environment/pythonpath.sh
-- Symlinking: /home/thibault/ros2_ws/src/nimblbot-welding/telesoud_msgs/install/telesoud_msgs/share/telesoud_msgs/environment/pythonpath.dsv
-- Symlinking: /home/thibault/ros2_ws/src/nimblbot-welding/telesoud_msgs/install/telesoud_msgs/lib/python3.10/site-packages/telesoud_msgs-0.0.0-py3.10.egg-info/PKG-INFO
-- Symlinking: /home/thibault/ros2_ws/src/nimblbot-welding/telesoud_msgs/install/telesoud_msgs/lib/python3.10/site-packages/telesoud_msgs-0.0.0-py3.10.egg-info/SOURCES.txt
-- Symlinking: /home/thibault/ros2_ws/src/nimblbot-welding/telesoud_msgs/install/telesoud_msgs/lib/python3.10/site-packages/telesoud_msgs-0.0.0-py3.10.egg-info/dependency_links.txt
-- Symlinking: /home/thibault/ros2_ws/src/nimblbot-welding/telesoud_msgs/install/telesoud_msgs/lib/python3.10/site-packages/telesoud_msgs-0.0.0-py3.10.egg-info/top_level.txt
-- Symlinking: /home/thibault/ros2_ws/src/nimblbot-welding/telesoud_msgs/install/telesoud_msgs/lib/python3.10/site-packages/telesoud_msgs/__init__.py
-- Symlinking: /home/thibault/ros2_ws/src/nimblbot-welding/telesoud_msgs/install/telesoud_msgs/lib/python3.10/site-packages/telesoud_msgs/_telesoud_msgs_s.ep.rosidl_typesupport_c.c
-- Symlinking: /home/thibault/ros2_ws/src/nimblbot-welding/telesoud_msgs/install/telesoud_msgs/lib/python3.10/site-packages/telesoud_msgs/_telesoud_msgs_s.ep.rosidl_typesupport_fastrtps_c.c
-- Symlinking: /home/thibault/ros2_ws/src/nimblbot-welding/telesoud_msgs/install/telesoud_msgs/lib/python3.10/site-packages/telesoud_msgs/_telesoud_msgs_s.ep.rosidl_typesupport_introspection_c.c
-- Symlinking: /home/thibault/ros2_ws/src/nimblbot-welding/telesoud_msgs/install/telesoud_msgs/lib/python3.10/site-packages/telesoud_msgs/libtelesoud_msgs__rosidl_generator_py.so
-- Symlinking: /home/thibault/ros2_ws/src/nimblbot-welding/telesoud_msgs/install/telesoud_msgs/lib/python3.10/site-packages/telesoud_msgs/msg/__init__.py
-- Symlinking: /home/thibault/ros2_ws/src/nimblbot-welding/telesoud_msgs/install/telesoud_msgs/lib/python3.10/site-packages/telesoud_msgs/msg/_telesoud_instruction.py
-- Symlinking: /home/thibault/ros2_ws/src/nimblbot-welding/telesoud_msgs/install/telesoud_msgs/lib/python3.10/site-packages/telesoud_msgs/msg/_telesoud_instruction_s.c
-- Symlinking: /home/thibault/ros2_ws/src/nimblbot-welding/telesoud_msgs/install/telesoud_msgs/lib/python3.10/site-packages/telesoud_msgs/telesoud_msgs_s__rosidl_typesupport_c.cpython-310-x86_64-linux-gnu.so
-- Symlinking: /home/thibault/ros2_ws/src/nimblbot-welding/telesoud_msgs/install/telesoud_msgs/lib/python3.10/site-packages/telesoud_msgs/telesoud_msgs_s__rosidl_typesupport_fastrtps_c.cpython-310-x86_64-linux-gnu.so
-- Symlinking: /home/thibault/ros2_ws/src/nimblbot-welding/telesoud_msgs/install/telesoud_msgs/lib/python3.10/site-packages/telesoud_msgs/telesoud_msgs_s__rosidl_typesupport_introspection_c.cpython-310-x86_64-linux-gnu.so
-- Up-to-date symlink: /home/thibault/ros2_ws/src/nimblbot-welding/telesoud_msgs/install/telesoud_msgs/lib/python3.10/site-packages/telesoud_msgs/telesoud_msgs_s__rosidl_typesupport_fastrtps_c.cpython-310-x86_64-linux-gnu.so
-- Up-to-date symlink: /home/thibault/ros2_ws/src/nimblbot-welding/telesoud_msgs/install/telesoud_msgs/lib/python3.10/site-packages/telesoud_msgs/telesoud_msgs_s__rosidl_typesupport_introspection_c.cpython-310-x86_64-linux-gnu.so
-- Up-to-date symlink: /home/thibault/ros2_ws/src/nimblbot-welding/telesoud_msgs/install/telesoud_msgs/lib/python3.10/site-packages/telesoud_msgs/telesoud_msgs_s__rosidl_typesupport_c.cpython-310-x86_64-linux-gnu.so
-- Symlinking: /home/thibault/ros2_ws/src/nimblbot-welding/telesoud_msgs/install/telesoud_msgs/share/telesoud_msgs/msg/TelesoudInstruction.idl
-- Symlinking: /home/thibault/ros2_ws/src/nimblbot-welding/telesoud_msgs/install/telesoud_msgs/share/telesoud_msgs/msg/TelesoudInstruction.msg
-- Symlinking: /home/thibault/ros2_ws/src/nimblbot-welding/telesoud_msgs/install/telesoud_msgs/share/ament_index/resource_index/package_run_dependencies/telesoud_msgs
-- Symlinking: /home/thibault/ros2_ws/src/nimblbot-welding/telesoud_msgs/install/telesoud_msgs/share/ament_index/resource_index/parent_prefix_path/telesoud_msgs
-- Symlinking: /home/thibault/ros2_ws/src/nimblbot-welding/telesoud_msgs/install/telesoud_msgs/share/telesoud_msgs/environment/ament_prefix_path.sh
-- Symlinking: /home/thibault/ros2_ws/src/nimblbot-welding/telesoud_msgs/install/telesoud_msgs/share/telesoud_msgs/environment/ament_prefix_path.dsv
-- Symlinking: /home/thibault/ros2_ws/src/nimblbot-welding/telesoud_msgs/install/telesoud_msgs/share/telesoud_msgs/environment/path.sh
-- Symlinking: /home/thibault/ros2_ws/src/nimblbot-welding/telesoud_msgs/install/telesoud_msgs/share/telesoud_msgs/environment/path.dsv
-- Symlinking: /home/thibault/ros2_ws/src/nimblbot-welding/telesoud_msgs/install/telesoud_msgs/share/telesoud_msgs/local_setup.bash
-- Symlinking: /home/thibault/ros2_ws/src/nimblbot-welding/telesoud_msgs/install/telesoud_msgs/share/telesoud_msgs/local_setup.sh
-- Symlinking: /home/thibault/ros2_ws/src/nimblbot-welding/telesoud_msgs/install/telesoud_msgs/share/telesoud_msgs/local_setup.zsh
-- Symlinking: /home/thibault/ros2_ws/src/nimblbot-welding/telesoud_msgs/install/telesoud_msgs/share/telesoud_msgs/local_setup.dsv
-- Symlinking: /home/thibault/ros2_ws/src/nimblbot-welding/telesoud_msgs/install/telesoud_msgs/share/telesoud_msgs/package.dsv
-- Symlinking: /home/thibault/ros2_ws/src/nimblbot-welding/telesoud_msgs/install/telesoud_msgs/share/ament_index/resource_index/packages/telesoud_msgs
-- Symlinking: /home/thibault/ros2_ws/src/nimblbot-welding/telesoud_msgs/install/telesoud_msgs/share/telesoud_msgs/cmake/rosidl_cmake-extras.cmake
-- Symlinking: /home/thibault/ros2_ws/src/nimblbot-welding/telesoud_msgs/install/telesoud_msgs/share/telesoud_msgs/cmake/ament_cmake_export_include_directories-extras.cmake
-- Symlinking: /home/thibault/ros2_ws/src/nimblbot-welding/telesoud_msgs/install/telesoud_msgs/share/telesoud_msgs/cmake/ament_cmake_export_libraries-extras.cmake
-- Symlinking: /home/thibault/ros2_ws/src/nimblbot-welding/telesoud_msgs/install/telesoud_msgs/share/telesoud_msgs/cmake/ament_cmake_export_targets-extras.cmake
-- Symlinking: /home/thibault/ros2_ws/src/nimblbot-welding/telesoud_msgs/install/telesoud_msgs/share/telesoud_msgs/cmake/rosidl_cmake_export_typesupport_targets-extras.cmake
-- Symlinking: /home/thibault/ros2_ws/src/nimblbot-welding/telesoud_msgs/install/telesoud_msgs/share/telesoud_msgs/cmake/ament_cmake_export_dependencies-extras.cmake
-- Symlinking: /home/thibault/ros2_ws/src/nimblbot-welding/telesoud_msgs/install/telesoud_msgs/share/telesoud_msgs/cmake/rosidl_cmake_export_typesupport_libraries-extras.cmake
-- Symlinking: /home/thibault/ros2_ws/src/nimblbot-welding/telesoud_msgs/install/telesoud_msgs/share/telesoud_msgs/cmake/telesoud_msgsConfig.cmake
-- Symlinking: /home/thibault/ros2_ws/src/nimblbot-welding/telesoud_msgs/install/telesoud_msgs/share/telesoud_msgs/cmake/telesoud_msgsConfig-version.cmake
-- Symlinking: /home/thibault/ros2_ws/src/nimblbot-welding/telesoud_msgs/install/telesoud_msgs/share/telesoud_msgs/package.xml
-- Installing: /home/thibault/ros2_ws/src/nimblbot-welding/telesoud_msgs/install/telesoud_msgs/lib/libtelesoud_msgs__rosidl_generator_c.so
-- Set runtime path of "/home/thibault/ros2_ws/src/nimblbot-welding/telesoud_msgs/install/telesoud_msgs/lib/libtelesoud_msgs__rosidl_generator_c.so" to ""
-- Installing: /home/thibault/ros2_ws/src/nimblbot-welding/telesoud_msgs/install/telesoud_msgs/lib/libtelesoud_msgs__rosidl_typesupport_fastrtps_c.so
-- Set runtime path of "/home/thibault/ros2_ws/src/nimblbot-welding/telesoud_msgs/install/telesoud_msgs/lib/libtelesoud_msgs__rosidl_typesupport_fastrtps_c.so" to ""
-- Installing: /home/thibault/ros2_ws/src/nimblbot-welding/telesoud_msgs/install/telesoud_msgs/lib/libtelesoud_msgs__rosidl_typesupport_introspection_c.so
-- Set runtime path of "/home/thibault/ros2_ws/src/nimblbot-welding/telesoud_msgs/install/telesoud_msgs/lib/libtelesoud_msgs__rosidl_typesupport_introspection_c.so" to ""
-- Installing: /home/thibault/ros2_ws/src/nimblbot-welding/telesoud_msgs/install/telesoud_msgs/lib/libtelesoud_msgs__rosidl_typesupport_c.so
-- Set runtime path of "/home/thibault/ros2_ws/src/nimblbot-welding/telesoud_msgs/install/telesoud_msgs/lib/libtelesoud_msgs__rosidl_typesupport_c.so" to ""
-- Installing: /home/thibault/ros2_ws/src/nimblbot-welding/telesoud_msgs/install/telesoud_msgs/lib/libtelesoud_msgs__rosidl_typesupport_fastrtps_cpp.so
-- Set runtime path of "/home/thibault/ros2_ws/src/nimblbot-welding/telesoud_msgs/install/telesoud_msgs/lib/libtelesoud_msgs__rosidl_typesupport_fastrtps_cpp.so" to ""
-- Installing: /home/thibault/ros2_ws/src/nimblbot-welding/telesoud_msgs/install/telesoud_msgs/lib/libtelesoud_msgs__rosidl_typesupport_introspection_cpp.so
-- Set runtime path of "/home/thibault/ros2_ws/src/nimblbot-welding/telesoud_msgs/install/telesoud_msgs/lib/libtelesoud_msgs__rosidl_typesupport_introspection_cpp.so" to ""
-- Installing: /home/thibault/ros2_ws/src/nimblbot-welding/telesoud_msgs/install/telesoud_msgs/lib/libtelesoud_msgs__rosidl_typesupport_cpp.so
-- Set runtime path of "/home/thibault/ros2_ws/src/nimblbot-welding/telesoud_msgs/install/telesoud_msgs/lib/libtelesoud_msgs__rosidl_typesupport_cpp.so" to ""
Listing '/home/thibault/ros2_ws/src/nimblbot-welding/telesoud_msgs/install/telesoud_msgs/lib/python3.10/site-packages/telesoud_msgs'...
Compiling '/home/thibault/ros2_ws/src/nimblbot-welding/telesoud_msgs/install/telesoud_msgs/lib/python3.10/site-packages/telesoud_msgs/__init__.py'...
Listing '/home/thibault/ros2_ws/src/nimblbot-welding/telesoud_msgs/install/telesoud_msgs/lib/python3.10/site-packages/telesoud_msgs/msg'...
Compiling '/home/thibault/ros2_ws/src/nimblbot-welding/telesoud_msgs/install/telesoud_msgs/lib/python3.10/site-packages/telesoud_msgs/msg/__init__.py'...
Compiling '/home/thibault/ros2_ws/src/nimblbot-welding/telesoud_msgs/install/telesoud_msgs/lib/python3.10/site-packages/telesoud_msgs/msg/_telesoud_instruction.py'...
-- Installing: /home/thibault/ros2_ws/src/nimblbot-welding/telesoud_msgs/install/telesoud_msgs/lib/libtelesoud_msgs__rosidl_generator_py.so
-- Set runtime path of "/home/thibault/ros2_ws/src/nimblbot-welding/telesoud_msgs/install/telesoud_msgs/lib/libtelesoud_msgs__rosidl_generator_py.so" to ""
-- Installing: /home/thibault/ros2_ws/src/nimblbot-welding/telesoud_msgs/install/telesoud_msgs/share/telesoud_msgs/cmake/export_telesoud_msgs__rosidl_generator_cExport.cmake
-- Installing: /home/thibault/ros2_ws/src/nimblbot-welding/telesoud_msgs/install/telesoud_msgs/share/telesoud_msgs/cmake/export_telesoud_msgs__rosidl_generator_cExport-noconfig.cmake
-- Installing: /home/thibault/ros2_ws/src/nimblbot-welding/telesoud_msgs/install/telesoud_msgs/share/telesoud_msgs/cmake/export_telesoud_msgs__rosidl_typesupport_fastrtps_cExport.cmake
-- Installing: /home/thibault/ros2_ws/src/nimblbot-welding/telesoud_msgs/install/telesoud_msgs/share/telesoud_msgs/cmake/export_telesoud_msgs__rosidl_typesupport_fastrtps_cExport-noconfig.cmake
-- Installing: /home/thibault/ros2_ws/src/nimblbot-welding/telesoud_msgs/install/telesoud_msgs/share/telesoud_msgs/cmake/telesoud_msgs__rosidl_typesupport_introspection_cExport.cmake
-- Installing: /home/thibault/ros2_ws/src/nimblbot-welding/telesoud_msgs/install/telesoud_msgs/share/telesoud_msgs/cmake/telesoud_msgs__rosidl_typesupport_introspection_cExport-noconfig.cmake
-- Installing: /home/thibault/ros2_ws/src/nimblbot-welding/telesoud_msgs/install/telesoud_msgs/share/telesoud_msgs/cmake/telesoud_msgs__rosidl_typesupport_cExport.cmake
-- Installing: /home/thibault/ros2_ws/src/nimblbot-welding/telesoud_msgs/install/telesoud_msgs/share/telesoud_msgs/cmake/telesoud_msgs__rosidl_typesupport_cExport-noconfig.cmake
-- Installing: /home/thibault/ros2_ws/src/nimblbot-welding/telesoud_msgs/install/telesoud_msgs/share/telesoud_msgs/cmake/export_telesoud_msgs__rosidl_generator_cppExport.cmake
-- Installing: /home/thibault/ros2_ws/src/nimblbot-welding/telesoud_msgs/install/telesoud_msgs/share/telesoud_msgs/cmake/export_telesoud_msgs__rosidl_typesupport_fastrtps_cppExport.cmake
-- Installing: /home/thibault/ros2_ws/src/nimblbot-welding/telesoud_msgs/install/telesoud_msgs/share/telesoud_msgs/cmake/export_telesoud_msgs__rosidl_typesupport_fastrtps_cppExport-noconfig.cmake
-- Installing: /home/thibault/ros2_ws/src/nimblbot-welding/telesoud_msgs/install/telesoud_msgs/share/telesoud_msgs/cmake/telesoud_msgs__rosidl_typesupport_introspection_cppExport.cmake
-- Installing: /home/thibault/ros2_ws/src/nimblbot-welding/telesoud_msgs/install/telesoud_msgs/share/telesoud_msgs/cmake/telesoud_msgs__rosidl_typesupport_introspection_cppExport-noconfig.cmake
-- Installing: /home/thibault/ros2_ws/src/nimblbot-welding/telesoud_msgs/install/telesoud_msgs/share/telesoud_msgs/cmake/telesoud_msgs__rosidl_typesupport_cppExport.cmake
-- Installing: /home/thibault/ros2_ws/src/nimblbot-welding/telesoud_msgs/install/telesoud_msgs/share/telesoud_msgs/cmake/telesoud_msgs__rosidl_typesupport_cppExport-noconfig.cmake
-- Installing: /home/thibault/ros2_ws/src/nimblbot-welding/telesoud_msgs/install/telesoud_msgs/share/telesoud_msgs/cmake/export_telesoud_msgs__rosidl_generator_pyExport.cmake
-- Installing: /home/thibault/ros2_ws/src/nimblbot-welding/telesoud_msgs/install/telesoud_msgs/share/telesoud_msgs/cmake/export_telesoud_msgs__rosidl_generator_pyExport-noconfig.cmake
