[0.008s] Invoking command in '/home/thibault/ros2_ws/src/nimblbot-welding/telesoud_msgs/build/telesoud_msgs': CMAKE_PREFIX_PATH=${CMAKE_PREFIX_PATH}:/home/thibault/ros2_ws/install/nimblbot_welding_trajectory_executor:/home/thibault/ros2_ws/install/nimblbot_welding_path_generator:/home/thibault/ros2_ws/install/nimblbot_welding_cartesian_command:/home/thibault/ros2_ws/install/nimblbot_simulation_scenes:/home/thibault/ros2_ws/install/nimblbot_kinematics:/home/thibault/ros2_ws/install/nimblbot_driver:/home/thibault/ros2_ws/install/nimblbot_control:/home/thibault/ros2_ws/install/nimblbot_cartesian_command:/home/thibault/ros2_ws/install/moveit_configs_utils:/opt/ros/iron RCUTILS_CONSOLE_OUTPUT_FORMAT=[{name}] {message} /usr/bin/cmake /home/thibault/ros2_ws/src/nimblbot-welding/telesoud_msgs -DAMENT_CMAKE_SYMLINK_INSTALL=1 -DCMAKE_INSTALL_PREFIX=/home/thibault/ros2_ws/src/nimblbot-welding/telesoud_msgs/install/telesoud_msgs
[0.015s] -- Found ament_cmake: 2.0.7 (/opt/ros/iron/share/ament_cmake/cmake)
[0.123s] -- Override CMake install command with custom implementation using symlinks instead of copying resources
[0.127s] -- Found rosidl_default_generators: 1.5.0 (/opt/ros/iron/share/rosidl_default_generators/cmake)
[0.129s] -- Using all available rosidl_typesupport_c: rosidl_typesupport_fastrtps_c;rosidl_typesupport_introspection_c
[0.151s] -- Using all available rosidl_typesupport_cpp: rosidl_typesupport_fastrtps_cpp;rosidl_typesupport_introspection_cpp
[0.170s] -- Found rosidl_adapter: 4.0.1 (/opt/ros/iron/share/rosidl_adapter/cmake)
[0.396s] -- Found ament_cmake_ros: 0.11.2 (/opt/ros/iron/share/ament_cmake_ros/cmake)
[0.532s] -- Using all available rosidl_typesupport_c: rosidl_typesupport_fastrtps_c;rosidl_typesupport_introspection_c
[0.708s] -- Using all available rosidl_typesupport_cpp: rosidl_typesupport_fastrtps_cpp;rosidl_typesupport_introspection_cpp
[0.727s] -- Found PythonInterp: /usr/bin/python3 (found suitable version "3.10.12", minimum required is "3.6") 
[0.731s] -- Found python_cmake_module: 0.10.2 (/opt/ros/iron/share/python_cmake_module/cmake)
[0.754s] -- Found PythonLibs: /usr/lib/x86_64-linux-gnu/libpython3.10.so (found suitable version "3.10.12", minimum required is "3.5") 
[0.754s] -- Using PYTHON_EXECUTABLE: /usr/bin/python3
[0.754s] -- Using PYTHON_INCLUDE_DIRS: /usr/include/python3.10
[0.754s] -- Using PYTHON_LIBRARIES: /usr/lib/x86_64-linux-gnu/libpython3.10.so
[0.773s] -- Found PythonExtra: .so  
[0.803s] -- Found ament_lint_auto: 0.14.4 (/opt/ros/iron/share/ament_lint_auto/cmake)
[0.824s] -- Added test 'cppcheck' to perform static code analysis on C / C++ code
[0.825s] -- Configured cppcheck include dirs: $<BUILD_INTERFACE:/home/thibault/ros2_ws/src/nimblbot-welding/telesoud_msgs/build/telesoud_msgs/rosidl_generator_c>;$<BUILD_INTERFACE:/home/thibault/ros2_ws/src/nimblbot-welding/telesoud_msgs/build/telesoud_msgs/rosidl_typesupport_fastrtps_c>;$<BUILD_INTERFACE:/home/thibault/ros2_ws/src/nimblbot-welding/telesoud_msgs/build/telesoud_msgs/rosidl_typesupport_introspection_c>;$<BUILD_INTERFACE:/home/thibault/ros2_ws/src/nimblbot-welding/telesoud_msgs/build/telesoud_msgs/rosidl_generator_cpp>;$<BUILD_INTERFACE:/home/thibault/ros2_ws/src/nimblbot-welding/telesoud_msgs/build/telesoud_msgs/rosidl_typesupport_fastrtps_cpp>;$<BUILD_INTERFACE:/home/thibault/ros2_ws/src/nimblbot-welding/telesoud_msgs/build/telesoud_msgs/rosidl_typesupport_introspection_cpp>;/home/thibault/ros2_ws/src/nimblbot-welding/telesoud_msgs/build/telesoud_msgs/rosidl_generator_c;/home/thibault/ros2_ws/src/nimblbot-welding/telesoud_msgs/build/telesoud_msgs/rosidl_generator_py
[0.825s] -- Configured cppcheck exclude dirs and/or files: 
[0.826s] -- Added test 'flake8' to check Python code syntax and style conventions
[0.826s] -- Configured 'flake8' exclude dirs and/or files: 
[0.828s] -- Added test 'lint_cmake' to check CMake code style
[0.829s] -- Added test 'pep257' to check Python code against some of the docstring style conventions in PEP 257
[0.834s] -- Added test 'uncrustify' to check C / C++ code style
[0.834s] -- Configured uncrustify additional arguments: 
[0.835s] -- Added test 'xmllint' to check XML markup files
[0.837s] -- Configuring done
[0.854s] -- Generating done
[0.860s] -- Build files have been written to: /home/thibault/ros2_ws/src/nimblbot-welding/telesoud_msgs/build/telesoud_msgs
[0.866s] Invoked command in '/home/thibault/ros2_ws/src/nimblbot-welding/telesoud_msgs/build/telesoud_msgs' returned '0': CMAKE_PREFIX_PATH=${CMAKE_PREFIX_PATH}:/home/thibault/ros2_ws/install/nimblbot_welding_trajectory_executor:/home/thibault/ros2_ws/install/nimblbot_welding_path_generator:/home/thibault/ros2_ws/install/nimblbot_welding_cartesian_command:/home/thibault/ros2_ws/install/nimblbot_simulation_scenes:/home/thibault/ros2_ws/install/nimblbot_kinematics:/home/thibault/ros2_ws/install/nimblbot_driver:/home/thibault/ros2_ws/install/nimblbot_control:/home/thibault/ros2_ws/install/nimblbot_cartesian_command:/home/thibault/ros2_ws/install/moveit_configs_utils:/opt/ros/iron RCUTILS_CONSOLE_OUTPUT_FORMAT=[{name}] {message} /usr/bin/cmake /home/thibault/ros2_ws/src/nimblbot-welding/telesoud_msgs -DAMENT_CMAKE_SYMLINK_INSTALL=1 -DCMAKE_INSTALL_PREFIX=/home/thibault/ros2_ws/src/nimblbot-welding/telesoud_msgs/install/telesoud_msgs
[0.869s] Invoking command in '/home/thibault/ros2_ws/src/nimblbot-welding/telesoud_msgs/build/telesoud_msgs': CMAKE_PREFIX_PATH=${CMAKE_PREFIX_PATH}:/home/thibault/ros2_ws/install/nimblbot_welding_trajectory_executor:/home/thibault/ros2_ws/install/nimblbot_welding_path_generator:/home/thibault/ros2_ws/install/nimblbot_welding_cartesian_command:/home/thibault/ros2_ws/install/nimblbot_simulation_scenes:/home/thibault/ros2_ws/install/nimblbot_kinematics:/home/thibault/ros2_ws/install/nimblbot_driver:/home/thibault/ros2_ws/install/nimblbot_control:/home/thibault/ros2_ws/install/nimblbot_cartesian_command:/home/thibault/ros2_ws/install/moveit_configs_utils:/opt/ros/iron RCUTILS_CONSOLE_OUTPUT_FORMAT=[{name}] {message} /usr/bin/cmake --build /home/thibault/ros2_ws/src/nimblbot-welding/telesoud_msgs/build/telesoud_msgs -- -j8 -l8
[0.908s] [  2%] [34m[1mGenerating type hashes for ROS interfaces[0m
[0.913s] [  2%] Built target ament_cmake_python_symlink_telesoud_msgs
[1.051s] [  2%] Built target telesoud_msgs__rosidl_generator_type_description
[1.058s] [  5%] [34m[1mGenerating C code for ROS interfaces[0m
[1.067s] [  8%] [34m[1mGenerating C++ code for ROS interfaces[0m
[1.110s] running egg_info
[1.110s] creating telesoud_msgs.egg-info
[1.110s] writing telesoud_msgs.egg-info/PKG-INFO
[1.110s] writing dependency_links to telesoud_msgs.egg-info/dependency_links.txt
[1.110s] writing top-level names to telesoud_msgs.egg-info/top_level.txt
[1.111s] writing manifest file 'telesoud_msgs.egg-info/SOURCES.txt'
[1.112s] reading manifest file 'telesoud_msgs.egg-info/SOURCES.txt'
[1.113s] writing manifest file 'telesoud_msgs.egg-info/SOURCES.txt'
[1.138s] [  8%] Built target ament_cmake_python_build_telesoud_msgs_egg
[1.261s] [  8%] Built target telesoud_msgs__cpp
[1.290s] [ 14%] [32mBuilding C object CMakeFiles/telesoud_msgs__rosidl_generator_c.dir/rosidl_generator_c/telesoud_msgs/msg/detail/telesoud_instruction__description.c.o[0m
[1.290s] [ 14%] [32mBuilding C object CMakeFiles/telesoud_msgs__rosidl_generator_c.dir/rosidl_generator_c/telesoud_msgs/msg/detail/telesoud_instruction__functions.c.o[0m
[1.291s] [ 17%] [32mBuilding C object CMakeFiles/telesoud_msgs__rosidl_generator_c.dir/rosidl_generator_c/telesoud_msgs/msg/detail/telesoud_instruction__type_support.c.o[0m
[1.328s] [ 20%] [32m[1mLinking C shared library libtelesoud_msgs__rosidl_generator_c.so[0m
[1.357s] [ 20%] Built target telesoud_msgs__rosidl_generator_c
[1.364s] [ 26%] [34m[1mGenerating C introspection for ROS interfaces[0m
[1.364s] [ 26%] [34m[1mGenerating C++ introspection for ROS interfaces[0m
[1.365s] [ 29%] [34m[1mGenerating C type support for eProsima Fast-RTPS[0m
[1.365s] [ 32%] [34m[1mGenerating C++ type support dispatch for ROS interfaces[0m
[1.365s] [ 35%] [34m[1mGenerating C type support dispatch for ROS interfaces[0m
[1.365s] [ 38%] [34m[1mGenerating C++ type support for eProsima Fast-RTPS[0m
[1.566s] [ 41%] [32mBuilding CXX object CMakeFiles/telesoud_msgs__rosidl_typesupport_c.dir/rosidl_typesupport_c/telesoud_msgs/msg/telesoud_instruction__type_support.cpp.o[0m
[1.580s] [ 44%] [32mBuilding CXX object CMakeFiles/telesoud_msgs__rosidl_typesupport_introspection_cpp.dir/rosidl_typesupport_introspection_cpp/telesoud_msgs/msg/detail/telesoud_instruction__type_support.cpp.o[0m
[1.613s] [ 47%] [32m[1mLinking CXX shared library libtelesoud_msgs__rosidl_typesupport_c.so[0m
[1.666s] [ 47%] Built target telesoud_msgs__rosidl_typesupport_c
[1.706s] [ 50%] [32mBuilding CXX object CMakeFiles/telesoud_msgs__rosidl_typesupport_cpp.dir/rosidl_typesupport_cpp/telesoud_msgs/msg/telesoud_instruction__type_support.cpp.o[0m
[1.736s] [ 52%] [32mBuilding CXX object CMakeFiles/telesoud_msgs__rosidl_typesupport_fastrtps_cpp.dir/rosidl_typesupport_fastrtps_cpp/telesoud_msgs/msg/detail/dds_fastrtps/telesoud_instruction__type_support.cpp.o[0m
[1.738s] [ 58%] [32mBuilding CXX object CMakeFiles/telesoud_msgs__rosidl_typesupport_fastrtps_c.dir/rosidl_typesupport_fastrtps_c/telesoud_msgs/msg/detail/telesoud_instruction__type_support_c.cpp.o[0m
[1.738s] [ 58%] [32mBuilding C object CMakeFiles/telesoud_msgs__rosidl_typesupport_introspection_c.dir/rosidl_typesupport_introspection_c/telesoud_msgs/msg/detail/telesoud_instruction__type_support.c.o[0m
[1.788s] [ 61%] [32m[1mLinking C shared library libtelesoud_msgs__rosidl_typesupport_introspection_c.so[0m
[1.827s] [ 61%] Built target telesoud_msgs__rosidl_typesupport_introspection_c
[1.999s] [ 64%] [32m[1mLinking CXX shared library libtelesoud_msgs__rosidl_typesupport_introspection_cpp.so[0m
[2.002s] [ 67%] [32m[1mLinking CXX shared library libtelesoud_msgs__rosidl_typesupport_fastrtps_c.so[0m
[2.045s] [ 70%] [32m[1mLinking CXX shared library libtelesoud_msgs__rosidl_typesupport_cpp.so[0m
[2.080s] [ 70%] Built target telesoud_msgs__rosidl_typesupport_introspection_cpp
[2.086s] [ 70%] Built target telesoud_msgs__rosidl_typesupport_fastrtps_c
[2.088s] [ 70%] Built target telesoud_msgs__rosidl_typesupport_cpp
[2.200s] [ 73%] [32m[1mLinking CXX shared library libtelesoud_msgs__rosidl_typesupport_fastrtps_cpp.so[0m
[2.255s] [ 73%] Built target telesoud_msgs__rosidl_typesupport_fastrtps_cpp
[2.272s] [ 73%] Built target telesoud_msgs
[2.286s] [ 76%] [34m[1mGenerating Python code for ROS interfaces[0m
[2.515s] [ 76%] Built target telesoud_msgs__py
[2.529s] [ 79%] [32mBuilding C object CMakeFiles/telesoud_msgs__rosidl_generator_py.dir/rosidl_generator_py/telesoud_msgs/msg/_telesoud_instruction_s.c.o[0m
[2.601s] [ 82%] [32m[1mLinking C shared library rosidl_generator_py/telesoud_msgs/libtelesoud_msgs__rosidl_generator_py.so[0m
[2.629s] [ 82%] Built target telesoud_msgs__rosidl_generator_py
[2.647s] [ 91%] [32mBuilding C object CMakeFiles/telesoud_msgs__rosidl_typesupport_c__pyext.dir/rosidl_generator_py/telesoud_msgs/_telesoud_msgs_s.ep.rosidl_typesupport_c.c.o[0m
[2.647s] [ 91%] [32mBuilding C object CMakeFiles/telesoud_msgs__rosidl_typesupport_introspection_c__pyext.dir/rosidl_generator_py/telesoud_msgs/_telesoud_msgs_s.ep.rosidl_typesupport_introspection_c.c.o[0m
[2.647s] [ 91%] [32mBuilding C object CMakeFiles/telesoud_msgs__rosidl_typesupport_fastrtps_c__pyext.dir/rosidl_generator_py/telesoud_msgs/_telesoud_msgs_s.ep.rosidl_typesupport_fastrtps_c.c.o[0m
[2.713s] [ 94%] [32m[1mLinking C shared library rosidl_generator_py/telesoud_msgs/telesoud_msgs_s__rosidl_typesupport_c.cpython-310-x86_64-linux-gnu.so[0m
[2.715s] [ 97%] [32m[1mLinking C shared library rosidl_generator_py/telesoud_msgs/telesoud_msgs_s__rosidl_typesupport_fastrtps_c.cpython-310-x86_64-linux-gnu.so[0m
[2.715s] [100%] [32m[1mLinking C shared library rosidl_generator_py/telesoud_msgs/telesoud_msgs_s__rosidl_typesupport_introspection_c.cpython-310-x86_64-linux-gnu.so[0m
[2.740s] [100%] Built target telesoud_msgs__rosidl_typesupport_introspection_c__pyext
[2.740s] [100%] Built target telesoud_msgs__rosidl_typesupport_fastrtps_c__pyext
[2.740s] [100%] Built target telesoud_msgs__rosidl_typesupport_c__pyext
[2.749s] Invoked command in '/home/thibault/ros2_ws/src/nimblbot-welding/telesoud_msgs/build/telesoud_msgs' returned '0': CMAKE_PREFIX_PATH=${CMAKE_PREFIX_PATH}:/home/thibault/ros2_ws/install/nimblbot_welding_trajectory_executor:/home/thibault/ros2_ws/install/nimblbot_welding_path_generator:/home/thibault/ros2_ws/install/nimblbot_welding_cartesian_command:/home/thibault/ros2_ws/install/nimblbot_simulation_scenes:/home/thibault/ros2_ws/install/nimblbot_kinematics:/home/thibault/ros2_ws/install/nimblbot_driver:/home/thibault/ros2_ws/install/nimblbot_control:/home/thibault/ros2_ws/install/nimblbot_cartesian_command:/home/thibault/ros2_ws/install/moveit_configs_utils:/opt/ros/iron RCUTILS_CONSOLE_OUTPUT_FORMAT=[{name}] {message} /usr/bin/cmake --build /home/thibault/ros2_ws/src/nimblbot-welding/telesoud_msgs/build/telesoud_msgs -- -j8 -l8
[2.758s] Invoking command in '/home/thibault/ros2_ws/src/nimblbot-welding/telesoud_msgs/build/telesoud_msgs': CMAKE_PREFIX_PATH=${CMAKE_PREFIX_PATH}:/home/thibault/ros2_ws/install/nimblbot_welding_trajectory_executor:/home/thibault/ros2_ws/install/nimblbot_welding_path_generator:/home/thibault/ros2_ws/install/nimblbot_welding_cartesian_command:/home/thibault/ros2_ws/install/nimblbot_simulation_scenes:/home/thibault/ros2_ws/install/nimblbot_kinematics:/home/thibault/ros2_ws/install/nimblbot_driver:/home/thibault/ros2_ws/install/nimblbot_control:/home/thibault/ros2_ws/install/nimblbot_cartesian_command:/home/thibault/ros2_ws/install/moveit_configs_utils:/opt/ros/iron RCUTILS_CONSOLE_OUTPUT_FORMAT=[{name}] {message} /usr/bin/cmake --install /home/thibault/ros2_ws/src/nimblbot-welding/telesoud_msgs/build/telesoud_msgs
[2.763s] -- Install configuration: ""
[2.763s] -- Execute custom install script
[2.763s] -- Symlinking: /home/thibault/ros2_ws/src/nimblbot-welding/telesoud_msgs/install/telesoud_msgs/share/ament_index/resource_index/rosidl_interfaces/telesoud_msgs
[2.771s] -- Symlinking: /home/thibault/ros2_ws/src/nimblbot-welding/telesoud_msgs/install/telesoud_msgs/share/telesoud_msgs/msg/TelesoudInstruction.json
[2.777s] -- Symlinking: /home/thibault/ros2_ws/src/nimblbot-welding/telesoud_msgs/install/telesoud_msgs/include/telesoud_msgs/telesoud_msgs/msg/detail/telesoud_instruction__functions.h
[2.783s] -- Symlinking: /home/thibault/ros2_ws/src/nimblbot-welding/telesoud_msgs/install/telesoud_msgs/include/telesoud_msgs/telesoud_msgs/msg/detail/telesoud_instruction__struct.h
[2.791s] -- Symlinking: /home/thibault/ros2_ws/src/nimblbot-welding/telesoud_msgs/install/telesoud_msgs/include/telesoud_msgs/telesoud_msgs/msg/detail/telesoud_instruction__type_support.h
[2.796s] -- Symlinking: /home/thibault/ros2_ws/src/nimblbot-welding/telesoud_msgs/install/telesoud_msgs/include/telesoud_msgs/telesoud_msgs/msg/rosidl_generator_c__visibility_control.h
[2.804s] -- Symlinking: /home/thibault/ros2_ws/src/nimblbot-welding/telesoud_msgs/install/telesoud_msgs/include/telesoud_msgs/telesoud_msgs/msg/telesoud_instruction.h
[2.810s] -- Symlinking: /home/thibault/ros2_ws/src/nimblbot-welding/telesoud_msgs/install/telesoud_msgs/share/telesoud_msgs/environment/library_path.sh
[2.815s] -- Symlinking: /home/thibault/ros2_ws/src/nimblbot-welding/telesoud_msgs/install/telesoud_msgs/share/telesoud_msgs/environment/library_path.dsv
[2.823s] -- Symlinking: /home/thibault/ros2_ws/src/nimblbot-welding/telesoud_msgs/install/telesoud_msgs/include/telesoud_msgs/telesoud_msgs/msg/detail/telesoud_instruction__rosidl_typesupport_fastrtps_c.h
[2.829s] -- Symlinking: /home/thibault/ros2_ws/src/nimblbot-welding/telesoud_msgs/install/telesoud_msgs/include/telesoud_msgs/telesoud_msgs/msg/rosidl_typesupport_fastrtps_c__visibility_control.h
[2.837s] -- Symlinking: /home/thibault/ros2_ws/src/nimblbot-welding/telesoud_msgs/install/telesoud_msgs/include/telesoud_msgs/telesoud_msgs/msg/detail/telesoud_instruction__rosidl_typesupport_introspection_c.h
[2.844s] -- Symlinking: /home/thibault/ros2_ws/src/nimblbot-welding/telesoud_msgs/install/telesoud_msgs/include/telesoud_msgs/telesoud_msgs/msg/rosidl_typesupport_introspection_c__visibility_control.h
[2.850s] -- Symlinking: /home/thibault/ros2_ws/src/nimblbot-welding/telesoud_msgs/install/telesoud_msgs/include/telesoud_msgs/telesoud_msgs/msg/detail/telesoud_instruction__builder.hpp
[2.855s] -- Symlinking: /home/thibault/ros2_ws/src/nimblbot-welding/telesoud_msgs/install/telesoud_msgs/include/telesoud_msgs/telesoud_msgs/msg/detail/telesoud_instruction__struct.hpp
[2.863s] -- Symlinking: /home/thibault/ros2_ws/src/nimblbot-welding/telesoud_msgs/install/telesoud_msgs/include/telesoud_msgs/telesoud_msgs/msg/detail/telesoud_instruction__traits.hpp
[2.871s] -- Symlinking: /home/thibault/ros2_ws/src/nimblbot-welding/telesoud_msgs/install/telesoud_msgs/include/telesoud_msgs/telesoud_msgs/msg/telesoud_instruction.hpp
[2.878s] -- Symlinking: /home/thibault/ros2_ws/src/nimblbot-welding/telesoud_msgs/install/telesoud_msgs/include/telesoud_msgs/telesoud_msgs/msg/detail/telesoud_instruction__rosidl_typesupport_fastrtps_cpp.hpp
[2.883s] -- Symlinking: /home/thibault/ros2_ws/src/nimblbot-welding/telesoud_msgs/install/telesoud_msgs/include/telesoud_msgs/telesoud_msgs/msg/rosidl_typesupport_fastrtps_cpp__visibility_control.h
[2.889s] -- Symlinking: /home/thibault/ros2_ws/src/nimblbot-welding/telesoud_msgs/install/telesoud_msgs/include/telesoud_msgs/telesoud_msgs/msg/detail/telesoud_instruction__rosidl_typesupport_introspection_cpp.hpp
[2.896s] -- Symlinking: /home/thibault/ros2_ws/src/nimblbot-welding/telesoud_msgs/install/telesoud_msgs/share/telesoud_msgs/environment/pythonpath.sh
[2.902s] -- Symlinking: /home/thibault/ros2_ws/src/nimblbot-welding/telesoud_msgs/install/telesoud_msgs/share/telesoud_msgs/environment/pythonpath.dsv
[2.910s] -- Symlinking: /home/thibault/ros2_ws/src/nimblbot-welding/telesoud_msgs/install/telesoud_msgs/lib/python3.10/site-packages/telesoud_msgs-0.0.0-py3.10.egg-info/PKG-INFO
[2.915s] -- Symlinking: /home/thibault/ros2_ws/src/nimblbot-welding/telesoud_msgs/install/telesoud_msgs/lib/python3.10/site-packages/telesoud_msgs-0.0.0-py3.10.egg-info/SOURCES.txt
[2.921s] -- Symlinking: /home/thibault/ros2_ws/src/nimblbot-welding/telesoud_msgs/install/telesoud_msgs/lib/python3.10/site-packages/telesoud_msgs-0.0.0-py3.10.egg-info/dependency_links.txt
[2.928s] -- Symlinking: /home/thibault/ros2_ws/src/nimblbot-welding/telesoud_msgs/install/telesoud_msgs/lib/python3.10/site-packages/telesoud_msgs-0.0.0-py3.10.egg-info/top_level.txt
[2.935s] -- Symlinking: /home/thibault/ros2_ws/src/nimblbot-welding/telesoud_msgs/install/telesoud_msgs/lib/python3.10/site-packages/telesoud_msgs/__init__.py
[2.943s] -- Symlinking: /home/thibault/ros2_ws/src/nimblbot-welding/telesoud_msgs/install/telesoud_msgs/lib/python3.10/site-packages/telesoud_msgs/_telesoud_msgs_s.ep.rosidl_typesupport_c.c
[2.949s] -- Symlinking: /home/thibault/ros2_ws/src/nimblbot-welding/telesoud_msgs/install/telesoud_msgs/lib/python3.10/site-packages/telesoud_msgs/_telesoud_msgs_s.ep.rosidl_typesupport_fastrtps_c.c
[2.956s] -- Symlinking: /home/thibault/ros2_ws/src/nimblbot-welding/telesoud_msgs/install/telesoud_msgs/lib/python3.10/site-packages/telesoud_msgs/_telesoud_msgs_s.ep.rosidl_typesupport_introspection_c.c
[2.964s] -- Symlinking: /home/thibault/ros2_ws/src/nimblbot-welding/telesoud_msgs/install/telesoud_msgs/lib/python3.10/site-packages/telesoud_msgs/libtelesoud_msgs__rosidl_generator_py.so
[2.972s] -- Symlinking: /home/thibault/ros2_ws/src/nimblbot-welding/telesoud_msgs/install/telesoud_msgs/lib/python3.10/site-packages/telesoud_msgs/msg/__init__.py
[2.978s] -- Symlinking: /home/thibault/ros2_ws/src/nimblbot-welding/telesoud_msgs/install/telesoud_msgs/lib/python3.10/site-packages/telesoud_msgs/msg/_telesoud_instruction.py
[2.984s] -- Symlinking: /home/thibault/ros2_ws/src/nimblbot-welding/telesoud_msgs/install/telesoud_msgs/lib/python3.10/site-packages/telesoud_msgs/msg/_telesoud_instruction_s.c
[2.991s] -- Symlinking: /home/thibault/ros2_ws/src/nimblbot-welding/telesoud_msgs/install/telesoud_msgs/lib/python3.10/site-packages/telesoud_msgs/telesoud_msgs_s__rosidl_typesupport_c.cpython-310-x86_64-linux-gnu.so
[2.997s] -- Symlinking: /home/thibault/ros2_ws/src/nimblbot-welding/telesoud_msgs/install/telesoud_msgs/lib/python3.10/site-packages/telesoud_msgs/telesoud_msgs_s__rosidl_typesupport_fastrtps_c.cpython-310-x86_64-linux-gnu.so
[3.005s] -- Symlinking: /home/thibault/ros2_ws/src/nimblbot-welding/telesoud_msgs/install/telesoud_msgs/lib/python3.10/site-packages/telesoud_msgs/telesoud_msgs_s__rosidl_typesupport_introspection_c.cpython-310-x86_64-linux-gnu.so
[3.012s] -- Up-to-date symlink: /home/thibault/ros2_ws/src/nimblbot-welding/telesoud_msgs/install/telesoud_msgs/lib/python3.10/site-packages/telesoud_msgs/telesoud_msgs_s__rosidl_typesupport_fastrtps_c.cpython-310-x86_64-linux-gnu.so
[3.012s] -- Up-to-date symlink: /home/thibault/ros2_ws/src/nimblbot-welding/telesoud_msgs/install/telesoud_msgs/lib/python3.10/site-packages/telesoud_msgs/telesoud_msgs_s__rosidl_typesupport_introspection_c.cpython-310-x86_64-linux-gnu.so
[3.012s] -- Up-to-date symlink: /home/thibault/ros2_ws/src/nimblbot-welding/telesoud_msgs/install/telesoud_msgs/lib/python3.10/site-packages/telesoud_msgs/telesoud_msgs_s__rosidl_typesupport_c.cpython-310-x86_64-linux-gnu.so
[3.012s] -- Symlinking: /home/thibault/ros2_ws/src/nimblbot-welding/telesoud_msgs/install/telesoud_msgs/share/telesoud_msgs/msg/TelesoudInstruction.idl
[3.018s] -- Symlinking: /home/thibault/ros2_ws/src/nimblbot-welding/telesoud_msgs/install/telesoud_msgs/share/telesoud_msgs/msg/TelesoudInstruction.msg
[3.025s] -- Symlinking: /home/thibault/ros2_ws/src/nimblbot-welding/telesoud_msgs/install/telesoud_msgs/share/ament_index/resource_index/package_run_dependencies/telesoud_msgs
[3.031s] -- Symlinking: /home/thibault/ros2_ws/src/nimblbot-welding/telesoud_msgs/install/telesoud_msgs/share/ament_index/resource_index/parent_prefix_path/telesoud_msgs
[3.039s] -- Symlinking: /home/thibault/ros2_ws/src/nimblbot-welding/telesoud_msgs/install/telesoud_msgs/share/telesoud_msgs/environment/ament_prefix_path.sh
[3.045s] -- Symlinking: /home/thibault/ros2_ws/src/nimblbot-welding/telesoud_msgs/install/telesoud_msgs/share/telesoud_msgs/environment/ament_prefix_path.dsv
[3.052s] -- Symlinking: /home/thibault/ros2_ws/src/nimblbot-welding/telesoud_msgs/install/telesoud_msgs/share/telesoud_msgs/environment/path.sh
[3.058s] -- Symlinking: /home/thibault/ros2_ws/src/nimblbot-welding/telesoud_msgs/install/telesoud_msgs/share/telesoud_msgs/environment/path.dsv
[3.064s] -- Symlinking: /home/thibault/ros2_ws/src/nimblbot-welding/telesoud_msgs/install/telesoud_msgs/share/telesoud_msgs/local_setup.bash
[3.071s] -- Symlinking: /home/thibault/ros2_ws/src/nimblbot-welding/telesoud_msgs/install/telesoud_msgs/share/telesoud_msgs/local_setup.sh
[3.078s] -- Symlinking: /home/thibault/ros2_ws/src/nimblbot-welding/telesoud_msgs/install/telesoud_msgs/share/telesoud_msgs/local_setup.zsh
[3.085s] -- Symlinking: /home/thibault/ros2_ws/src/nimblbot-welding/telesoud_msgs/install/telesoud_msgs/share/telesoud_msgs/local_setup.dsv
[3.093s] -- Symlinking: /home/thibault/ros2_ws/src/nimblbot-welding/telesoud_msgs/install/telesoud_msgs/share/telesoud_msgs/package.dsv
[3.098s] -- Symlinking: /home/thibault/ros2_ws/src/nimblbot-welding/telesoud_msgs/install/telesoud_msgs/share/ament_index/resource_index/packages/telesoud_msgs
[3.104s] -- Symlinking: /home/thibault/ros2_ws/src/nimblbot-welding/telesoud_msgs/install/telesoud_msgs/share/telesoud_msgs/cmake/rosidl_cmake-extras.cmake
[3.110s] -- Symlinking: /home/thibault/ros2_ws/src/nimblbot-welding/telesoud_msgs/install/telesoud_msgs/share/telesoud_msgs/cmake/ament_cmake_export_include_directories-extras.cmake
[3.117s] -- Symlinking: /home/thibault/ros2_ws/src/nimblbot-welding/telesoud_msgs/install/telesoud_msgs/share/telesoud_msgs/cmake/ament_cmake_export_libraries-extras.cmake
[3.126s] -- Symlinking: /home/thibault/ros2_ws/src/nimblbot-welding/telesoud_msgs/install/telesoud_msgs/share/telesoud_msgs/cmake/ament_cmake_export_targets-extras.cmake
[3.131s] -- Symlinking: /home/thibault/ros2_ws/src/nimblbot-welding/telesoud_msgs/install/telesoud_msgs/share/telesoud_msgs/cmake/rosidl_cmake_export_typesupport_targets-extras.cmake
[3.137s] -- Symlinking: /home/thibault/ros2_ws/src/nimblbot-welding/telesoud_msgs/install/telesoud_msgs/share/telesoud_msgs/cmake/ament_cmake_export_dependencies-extras.cmake
[3.143s] -- Symlinking: /home/thibault/ros2_ws/src/nimblbot-welding/telesoud_msgs/install/telesoud_msgs/share/telesoud_msgs/cmake/rosidl_cmake_export_typesupport_libraries-extras.cmake
[3.150s] -- Symlinking: /home/thibault/ros2_ws/src/nimblbot-welding/telesoud_msgs/install/telesoud_msgs/share/telesoud_msgs/cmake/telesoud_msgsConfig.cmake
[3.158s] -- Symlinking: /home/thibault/ros2_ws/src/nimblbot-welding/telesoud_msgs/install/telesoud_msgs/share/telesoud_msgs/cmake/telesoud_msgsConfig-version.cmake
[3.164s] -- Symlinking: /home/thibault/ros2_ws/src/nimblbot-welding/telesoud_msgs/install/telesoud_msgs/share/telesoud_msgs/package.xml
[3.170s] -- Installing: /home/thibault/ros2_ws/src/nimblbot-welding/telesoud_msgs/install/telesoud_msgs/lib/libtelesoud_msgs__rosidl_generator_c.so
[3.170s] -- Set runtime path of "/home/thibault/ros2_ws/src/nimblbot-welding/telesoud_msgs/install/telesoud_msgs/lib/libtelesoud_msgs__rosidl_generator_c.so" to ""
[3.170s] -- Installing: /home/thibault/ros2_ws/src/nimblbot-welding/telesoud_msgs/install/telesoud_msgs/lib/libtelesoud_msgs__rosidl_typesupport_fastrtps_c.so
[3.170s] -- Set runtime path of "/home/thibault/ros2_ws/src/nimblbot-welding/telesoud_msgs/install/telesoud_msgs/lib/libtelesoud_msgs__rosidl_typesupport_fastrtps_c.so" to ""
[3.170s] -- Installing: /home/thibault/ros2_ws/src/nimblbot-welding/telesoud_msgs/install/telesoud_msgs/lib/libtelesoud_msgs__rosidl_typesupport_introspection_c.so
[3.170s] -- Set runtime path of "/home/thibault/ros2_ws/src/nimblbot-welding/telesoud_msgs/install/telesoud_msgs/lib/libtelesoud_msgs__rosidl_typesupport_introspection_c.so" to ""
[3.171s] -- Installing: /home/thibault/ros2_ws/src/nimblbot-welding/telesoud_msgs/install/telesoud_msgs/lib/libtelesoud_msgs__rosidl_typesupport_c.so
[3.171s] -- Set runtime path of "/home/thibault/ros2_ws/src/nimblbot-welding/telesoud_msgs/install/telesoud_msgs/lib/libtelesoud_msgs__rosidl_typesupport_c.so" to ""
[3.171s] -- Installing: /home/thibault/ros2_ws/src/nimblbot-welding/telesoud_msgs/install/telesoud_msgs/lib/libtelesoud_msgs__rosidl_typesupport_fastrtps_cpp.so
[3.171s] -- Set runtime path of "/home/thibault/ros2_ws/src/nimblbot-welding/telesoud_msgs/install/telesoud_msgs/lib/libtelesoud_msgs__rosidl_typesupport_fastrtps_cpp.so" to ""
[3.171s] -- Installing: /home/thibault/ros2_ws/src/nimblbot-welding/telesoud_msgs/install/telesoud_msgs/lib/libtelesoud_msgs__rosidl_typesupport_introspection_cpp.so
[3.171s] -- Set runtime path of "/home/thibault/ros2_ws/src/nimblbot-welding/telesoud_msgs/install/telesoud_msgs/lib/libtelesoud_msgs__rosidl_typesupport_introspection_cpp.so" to ""
[3.171s] -- Installing: /home/thibault/ros2_ws/src/nimblbot-welding/telesoud_msgs/install/telesoud_msgs/lib/libtelesoud_msgs__rosidl_typesupport_cpp.so
[3.171s] -- Set runtime path of "/home/thibault/ros2_ws/src/nimblbot-welding/telesoud_msgs/install/telesoud_msgs/lib/libtelesoud_msgs__rosidl_typesupport_cpp.so" to ""
[3.199s] Listing '/home/thibault/ros2_ws/src/nimblbot-welding/telesoud_msgs/install/telesoud_msgs/lib/python3.10/site-packages/telesoud_msgs'...
[3.200s] Compiling '/home/thibault/ros2_ws/src/nimblbot-welding/telesoud_msgs/install/telesoud_msgs/lib/python3.10/site-packages/telesoud_msgs/__init__.py'...
[3.200s] Listing '/home/thibault/ros2_ws/src/nimblbot-welding/telesoud_msgs/install/telesoud_msgs/lib/python3.10/site-packages/telesoud_msgs/msg'...
[3.200s] Compiling '/home/thibault/ros2_ws/src/nimblbot-welding/telesoud_msgs/install/telesoud_msgs/lib/python3.10/site-packages/telesoud_msgs/msg/__init__.py'...
[3.200s] Compiling '/home/thibault/ros2_ws/src/nimblbot-welding/telesoud_msgs/install/telesoud_msgs/lib/python3.10/site-packages/telesoud_msgs/msg/_telesoud_instruction.py'...
[3.203s] -- Installing: /home/thibault/ros2_ws/src/nimblbot-welding/telesoud_msgs/install/telesoud_msgs/lib/libtelesoud_msgs__rosidl_generator_py.so
[3.203s] -- Set runtime path of "/home/thibault/ros2_ws/src/nimblbot-welding/telesoud_msgs/install/telesoud_msgs/lib/libtelesoud_msgs__rosidl_generator_py.so" to ""
[3.203s] -- Installing: /home/thibault/ros2_ws/src/nimblbot-welding/telesoud_msgs/install/telesoud_msgs/share/telesoud_msgs/cmake/export_telesoud_msgs__rosidl_generator_cExport.cmake
[3.203s] -- Installing: /home/thibault/ros2_ws/src/nimblbot-welding/telesoud_msgs/install/telesoud_msgs/share/telesoud_msgs/cmake/export_telesoud_msgs__rosidl_generator_cExport-noconfig.cmake
[3.203s] -- Installing: /home/thibault/ros2_ws/src/nimblbot-welding/telesoud_msgs/install/telesoud_msgs/share/telesoud_msgs/cmake/export_telesoud_msgs__rosidl_typesupport_fastrtps_cExport.cmake
[3.203s] -- Installing: /home/thibault/ros2_ws/src/nimblbot-welding/telesoud_msgs/install/telesoud_msgs/share/telesoud_msgs/cmake/export_telesoud_msgs__rosidl_typesupport_fastrtps_cExport-noconfig.cmake
[3.203s] -- Installing: /home/thibault/ros2_ws/src/nimblbot-welding/telesoud_msgs/install/telesoud_msgs/share/telesoud_msgs/cmake/telesoud_msgs__rosidl_typesupport_introspection_cExport.cmake
[3.203s] -- Installing: /home/thibault/ros2_ws/src/nimblbot-welding/telesoud_msgs/install/telesoud_msgs/share/telesoud_msgs/cmake/telesoud_msgs__rosidl_typesupport_introspection_cExport-noconfig.cmake
[3.203s] -- Installing: /home/thibault/ros2_ws/src/nimblbot-welding/telesoud_msgs/install/telesoud_msgs/share/telesoud_msgs/cmake/telesoud_msgs__rosidl_typesupport_cExport.cmake
[3.203s] -- Installing: /home/thibault/ros2_ws/src/nimblbot-welding/telesoud_msgs/install/telesoud_msgs/share/telesoud_msgs/cmake/telesoud_msgs__rosidl_typesupport_cExport-noconfig.cmake
[3.204s] -- Installing: /home/thibault/ros2_ws/src/nimblbot-welding/telesoud_msgs/install/telesoud_msgs/share/telesoud_msgs/cmake/export_telesoud_msgs__rosidl_generator_cppExport.cmake
[3.204s] -- Installing: /home/thibault/ros2_ws/src/nimblbot-welding/telesoud_msgs/install/telesoud_msgs/share/telesoud_msgs/cmake/export_telesoud_msgs__rosidl_typesupport_fastrtps_cppExport.cmake
[3.204s] -- Installing: /home/thibault/ros2_ws/src/nimblbot-welding/telesoud_msgs/install/telesoud_msgs/share/telesoud_msgs/cmake/export_telesoud_msgs__rosidl_typesupport_fastrtps_cppExport-noconfig.cmake
[3.204s] -- Installing: /home/thibault/ros2_ws/src/nimblbot-welding/telesoud_msgs/install/telesoud_msgs/share/telesoud_msgs/cmake/telesoud_msgs__rosidl_typesupport_introspection_cppExport.cmake
[3.204s] -- Installing: /home/thibault/ros2_ws/src/nimblbot-welding/telesoud_msgs/install/telesoud_msgs/share/telesoud_msgs/cmake/telesoud_msgs__rosidl_typesupport_introspection_cppExport-noconfig.cmake
[3.204s] -- Installing: /home/thibault/ros2_ws/src/nimblbot-welding/telesoud_msgs/install/telesoud_msgs/share/telesoud_msgs/cmake/telesoud_msgs__rosidl_typesupport_cppExport.cmake
[3.204s] -- Installing: /home/thibault/ros2_ws/src/nimblbot-welding/telesoud_msgs/install/telesoud_msgs/share/telesoud_msgs/cmake/telesoud_msgs__rosidl_typesupport_cppExport-noconfig.cmake
[3.204s] -- Installing: /home/thibault/ros2_ws/src/nimblbot-welding/telesoud_msgs/install/telesoud_msgs/share/telesoud_msgs/cmake/export_telesoud_msgs__rosidl_generator_pyExport.cmake
[3.204s] -- Installing: /home/thibault/ros2_ws/src/nimblbot-welding/telesoud_msgs/install/telesoud_msgs/share/telesoud_msgs/cmake/export_telesoud_msgs__rosidl_generator_pyExport-noconfig.cmake
[3.207s] Invoked command in '/home/thibault/ros2_ws/src/nimblbot-welding/telesoud_msgs/build/telesoud_msgs' returned '0': CMAKE_PREFIX_PATH=${CMAKE_PREFIX_PATH}:/home/thibault/ros2_ws/install/nimblbot_welding_trajectory_executor:/home/thibault/ros2_ws/install/nimblbot_welding_path_generator:/home/thibault/ros2_ws/install/nimblbot_welding_cartesian_command:/home/thibault/ros2_ws/install/nimblbot_simulation_scenes:/home/thibault/ros2_ws/install/nimblbot_kinematics:/home/thibault/ros2_ws/install/nimblbot_driver:/home/thibault/ros2_ws/install/nimblbot_control:/home/thibault/ros2_ws/install/nimblbot_cartesian_command:/home/thibault/ros2_ws/install/moveit_configs_utils:/opt/ros/iron RCUTILS_CONSOLE_OUTPUT_FORMAT=[{name}] {message} /usr/bin/cmake --install /home/thibault/ros2_ws/src/nimblbot-welding/telesoud_msgs/build/telesoud_msgs
