[0.071s] DEBUG:colcon:Command line arguments: ['/usr/bin/colcon', 'build', '--packages-select', 'telesoud_msgs', '--symlink-install', '--event-handlers', 'console_direct+']
[0.071s] DEBUG:colcon:Parsed command line arguments: Namespace(log_base=None, log_level=None, verb_name='build', build_base='build', install_base='install', merge_install=False, symlink_install=True, test_result_base=None, continue_on_error=False, executor='parallel', parallel_workers=8, event_handlers=['console_direct+'], ignore_user_meta=False, metas=['./colcon.meta'], base_paths=['.'], packages_ignore=None, packages_ignore_regex=None, paths=None, packages_up_to=None, packages_up_to_regex=None, packages_above=None, packages_above_and_dependencies=None, packages_above_depth=None, packages_select_by_dep=None, packages_skip_by_dep=None, packages_skip_up_to=None, packages_select_build_failed=False, packages_skip_build_finished=False, packages_select_test_failures=False, packages_skip_test_passed=False, packages_select=['telesoud_msgs'], packages_skip=None, packages_select_regex=None, packages_skip_regex=None, packages_start=None, packages_end=None, allow_overriding=[], cmake_args=None, cmake_target=None, cmake_target_skip_unavailable=False, cmake_clean_cache=False, cmake_clean_first=False, cmake_force_configure=False, ament_cmake_args=None, catkin_cmake_args=None, catkin_skip_building_tests=False, mixin_files=None, mixin=None, verb_parser=<colcon_mixin.mixin.mixin_argument.MixinArgumentDecorator object at 0x7d110d160ee0>, verb_extension=<colcon_core.verb.build.BuildVerb object at 0x7d110d29dde0>, main=<bound method BuildVerb.main of <colcon_core.verb.build.BuildVerb object at 0x7d110d29dde0>>, mixin_verb=('build',))
[0.195s] Level 1:colcon.colcon_core.package_discovery:discover_packages(colcon_meta) check parameters
[0.195s] Level 1:colcon.colcon_core.package_discovery:discover_packages(recursive) check parameters
[0.195s] Level 1:colcon.colcon_core.package_discovery:discover_packages(ignore) check parameters
[0.195s] Level 1:colcon.colcon_core.package_discovery:discover_packages(path) check parameters
[0.195s] Level 1:colcon.colcon_core.package_discovery:discover_packages(colcon_meta) discover
[0.195s] Level 1:colcon.colcon_core.package_discovery:discover_packages(recursive) discover
[0.195s] INFO:colcon.colcon_core.package_discovery:Crawling recursively for packages in '/home/thibault/ros2_ws/src/nimblbot-welding/telesoud_msgs'
[0.195s] Level 1:colcon.colcon_core.package_identification:_identify(.) by extensions ['ignore', 'ignore_ament_install']
[0.196s] Level 1:colcon.colcon_core.package_identification:_identify(.) by extension 'ignore'
[0.196s] Level 1:colcon.colcon_core.package_identification:_identify(.) by extension 'ignore_ament_install'
[0.196s] Level 1:colcon.colcon_core.package_identification:_identify(.) by extensions ['colcon_pkg']
[0.196s] Level 1:colcon.colcon_core.package_identification:_identify(.) by extension 'colcon_pkg'
[0.196s] Level 1:colcon.colcon_core.package_identification:_identify(.) by extensions ['colcon_meta']
[0.196s] Level 1:colcon.colcon_core.package_identification:_identify(.) by extension 'colcon_meta'
[0.196s] Level 1:colcon.colcon_core.package_identification:_identify(.) by extensions ['ros']
[0.196s] Level 1:colcon.colcon_core.package_identification:_identify(.) by extension 'ros'
[0.211s] DEBUG:colcon.colcon_core.package_identification:Package '.' with type 'ros.ament_cmake' and name 'telesoud_msgs'
[0.211s] Level 1:colcon.colcon_core.package_discovery:discover_packages(recursive) using defaults
[0.211s] Level 1:colcon.colcon_core.package_discovery:discover_packages(ignore) discover
[0.211s] Level 1:colcon.colcon_core.package_discovery:discover_packages(ignore) using defaults
[0.211s] Level 1:colcon.colcon_core.package_discovery:discover_packages(path) discover
[0.211s] Level 1:colcon.colcon_core.package_discovery:discover_packages(path) using defaults
[0.224s] Level 1:colcon.colcon_core.package_discovery:discover_packages(prefix_path) check parameters
[0.224s] Level 1:colcon.colcon_core.package_discovery:discover_packages(prefix_path) discover
[0.225s] WARNING:colcon.colcon_ros.prefix_path.ament:The path '/home/thibault/ros2_ws/install/telesoud_msgs' in the environment variable AMENT_PREFIX_PATH doesn't exist
[0.225s] WARNING:colcon.colcon_ros.prefix_path.catkin:The path '/home/thibault/ros2_ws/install/telesoud_msgs' in the environment variable CMAKE_PREFIX_PATH doesn't exist
[0.226s] DEBUG:colcon.colcon_installed_package_information.package_discovery:Found 22 installed packages in /home/thibault/ros2_ws/install
[0.227s] DEBUG:colcon.colcon_installed_package_information.package_discovery:Found 362 installed packages in /opt/ros/iron
[0.229s] Level 1:colcon.colcon_core.package_discovery:discover_packages(prefix_path) using defaults
[0.264s] Level 5:colcon.colcon_core.verb:set package 'telesoud_msgs' build argument 'cmake_args' from command line to 'None'
[0.264s] Level 5:colcon.colcon_core.verb:set package 'telesoud_msgs' build argument 'cmake_target' from command line to 'None'
[0.264s] Level 5:colcon.colcon_core.verb:set package 'telesoud_msgs' build argument 'cmake_target_skip_unavailable' from command line to 'False'
[0.264s] Level 5:colcon.colcon_core.verb:set package 'telesoud_msgs' build argument 'cmake_clean_cache' from command line to 'False'
[0.264s] Level 5:colcon.colcon_core.verb:set package 'telesoud_msgs' build argument 'cmake_clean_first' from command line to 'False'
[0.265s] Level 5:colcon.colcon_core.verb:set package 'telesoud_msgs' build argument 'cmake_force_configure' from command line to 'False'
[0.265s] Level 5:colcon.colcon_core.verb:set package 'telesoud_msgs' build argument 'ament_cmake_args' from command line to 'None'
[0.265s] Level 5:colcon.colcon_core.verb:set package 'telesoud_msgs' build argument 'catkin_cmake_args' from command line to 'None'
[0.265s] Level 5:colcon.colcon_core.verb:set package 'telesoud_msgs' build argument 'catkin_skip_building_tests' from command line to 'False'
[0.265s] DEBUG:colcon.colcon_core.verb:Building package 'telesoud_msgs' with the following arguments: {'ament_cmake_args': None, 'build_base': '/home/thibault/ros2_ws/src/nimblbot-welding/telesoud_msgs/build/telesoud_msgs', 'catkin_cmake_args': None, 'catkin_skip_building_tests': False, 'cmake_args': None, 'cmake_clean_cache': False, 'cmake_clean_first': False, 'cmake_force_configure': False, 'cmake_target': None, 'cmake_target_skip_unavailable': False, 'install_base': '/home/thibault/ros2_ws/src/nimblbot-welding/telesoud_msgs/install/telesoud_msgs', 'merge_install': False, 'path': '/home/thibault/ros2_ws/src/nimblbot-welding/telesoud_msgs', 'symlink_install': True, 'test_result_base': None}
[0.265s] INFO:colcon.colcon_core.executor:Executing jobs using 'parallel' executor
[0.265s] DEBUG:colcon.colcon_parallel_executor.executor.parallel:run_until_complete
[0.266s] INFO:colcon.colcon_ros.task.ament_cmake.build:Building ROS package in '/home/thibault/ros2_ws/src/nimblbot-welding/telesoud_msgs' with build type 'ament_cmake'
[0.266s] INFO:colcon.colcon_cmake.task.cmake.build:Building CMake package in '/home/thibault/ros2_ws/src/nimblbot-welding/telesoud_msgs'
[0.267s] INFO:colcon.colcon_core.plugin_system:Skipping extension 'colcon_core.shell.bat': Not used on non-Windows systems
[0.267s] INFO:colcon.colcon_core.shell:Skip shell extension 'powershell' for command environment: Not usable outside of PowerShell
[0.267s] DEBUG:colcon.colcon_core.shell:Skip shell extension 'dsv' for command environment
[0.274s] DEBUG:colcon.colcon_core.event_handler.log_command:Invoking command in '/home/thibault/ros2_ws/src/nimblbot-welding/telesoud_msgs/build/telesoud_msgs': CMAKE_PREFIX_PATH=${CMAKE_PREFIX_PATH}:/home/thibault/ros2_ws/install/nimblbot_welding_trajectory_executor:/home/thibault/ros2_ws/install/nimblbot_welding_path_generator:/home/thibault/ros2_ws/install/nimblbot_welding_cartesian_command:/home/thibault/ros2_ws/install/nimblbot_simulation_scenes:/home/thibault/ros2_ws/install/nimblbot_kinematics:/home/thibault/ros2_ws/install/nimblbot_driver:/home/thibault/ros2_ws/install/nimblbot_control:/home/thibault/ros2_ws/install/nimblbot_cartesian_command:/home/thibault/ros2_ws/install/moveit_configs_utils:/opt/ros/iron RCUTILS_CONSOLE_OUTPUT_FORMAT=[{name}] {message} /usr/bin/cmake /home/thibault/ros2_ws/src/nimblbot-welding/telesoud_msgs -DAMENT_CMAKE_SYMLINK_INSTALL=1 -DCMAKE_INSTALL_PREFIX=/home/thibault/ros2_ws/src/nimblbot-welding/telesoud_msgs/install/telesoud_msgs
[1.132s] DEBUG:colcon.colcon_core.event_handler.log_command:Invoked command in '/home/thibault/ros2_ws/src/nimblbot-welding/telesoud_msgs/build/telesoud_msgs' returned '0': CMAKE_PREFIX_PATH=${CMAKE_PREFIX_PATH}:/home/thibault/ros2_ws/install/nimblbot_welding_trajectory_executor:/home/thibault/ros2_ws/install/nimblbot_welding_path_generator:/home/thibault/ros2_ws/install/nimblbot_welding_cartesian_command:/home/thibault/ros2_ws/install/nimblbot_simulation_scenes:/home/thibault/ros2_ws/install/nimblbot_kinematics:/home/thibault/ros2_ws/install/nimblbot_driver:/home/thibault/ros2_ws/install/nimblbot_control:/home/thibault/ros2_ws/install/nimblbot_cartesian_command:/home/thibault/ros2_ws/install/moveit_configs_utils:/opt/ros/iron RCUTILS_CONSOLE_OUTPUT_FORMAT=[{name}] {message} /usr/bin/cmake /home/thibault/ros2_ws/src/nimblbot-welding/telesoud_msgs -DAMENT_CMAKE_SYMLINK_INSTALL=1 -DCMAKE_INSTALL_PREFIX=/home/thibault/ros2_ws/src/nimblbot-welding/telesoud_msgs/install/telesoud_msgs
[1.135s] DEBUG:colcon.colcon_core.event_handler.log_command:Invoking command in '/home/thibault/ros2_ws/src/nimblbot-welding/telesoud_msgs/build/telesoud_msgs': CMAKE_PREFIX_PATH=${CMAKE_PREFIX_PATH}:/home/thibault/ros2_ws/install/nimblbot_welding_trajectory_executor:/home/thibault/ros2_ws/install/nimblbot_welding_path_generator:/home/thibault/ros2_ws/install/nimblbot_welding_cartesian_command:/home/thibault/ros2_ws/install/nimblbot_simulation_scenes:/home/thibault/ros2_ws/install/nimblbot_kinematics:/home/thibault/ros2_ws/install/nimblbot_driver:/home/thibault/ros2_ws/install/nimblbot_control:/home/thibault/ros2_ws/install/nimblbot_cartesian_command:/home/thibault/ros2_ws/install/moveit_configs_utils:/opt/ros/iron RCUTILS_CONSOLE_OUTPUT_FORMAT=[{name}] {message} /usr/bin/cmake --build /home/thibault/ros2_ws/src/nimblbot-welding/telesoud_msgs/build/telesoud_msgs -- -j8 -l8
[3.015s] DEBUG:colcon.colcon_core.event_handler.log_command:Invoked command in '/home/thibault/ros2_ws/src/nimblbot-welding/telesoud_msgs/build/telesoud_msgs' returned '0': CMAKE_PREFIX_PATH=${CMAKE_PREFIX_PATH}:/home/thibault/ros2_ws/install/nimblbot_welding_trajectory_executor:/home/thibault/ros2_ws/install/nimblbot_welding_path_generator:/home/thibault/ros2_ws/install/nimblbot_welding_cartesian_command:/home/thibault/ros2_ws/install/nimblbot_simulation_scenes:/home/thibault/ros2_ws/install/nimblbot_kinematics:/home/thibault/ros2_ws/install/nimblbot_driver:/home/thibault/ros2_ws/install/nimblbot_control:/home/thibault/ros2_ws/install/nimblbot_cartesian_command:/home/thibault/ros2_ws/install/moveit_configs_utils:/opt/ros/iron RCUTILS_CONSOLE_OUTPUT_FORMAT=[{name}] {message} /usr/bin/cmake --build /home/thibault/ros2_ws/src/nimblbot-welding/telesoud_msgs/build/telesoud_msgs -- -j8 -l8
[3.024s] DEBUG:colcon.colcon_core.event_handler.log_command:Invoking command in '/home/thibault/ros2_ws/src/nimblbot-welding/telesoud_msgs/build/telesoud_msgs': CMAKE_PREFIX_PATH=${CMAKE_PREFIX_PATH}:/home/thibault/ros2_ws/install/nimblbot_welding_trajectory_executor:/home/thibault/ros2_ws/install/nimblbot_welding_path_generator:/home/thibault/ros2_ws/install/nimblbot_welding_cartesian_command:/home/thibault/ros2_ws/install/nimblbot_simulation_scenes:/home/thibault/ros2_ws/install/nimblbot_kinematics:/home/thibault/ros2_ws/install/nimblbot_driver:/home/thibault/ros2_ws/install/nimblbot_control:/home/thibault/ros2_ws/install/nimblbot_cartesian_command:/home/thibault/ros2_ws/install/moveit_configs_utils:/opt/ros/iron RCUTILS_CONSOLE_OUTPUT_FORMAT=[{name}] {message} /usr/bin/cmake --install /home/thibault/ros2_ws/src/nimblbot-welding/telesoud_msgs/build/telesoud_msgs
[3.472s] Level 1:colcon.colcon_core.environment:create_environment_scripts_only(telesoud_msgs)
[3.473s] DEBUG:colcon.colcon_core.event_handler.log_command:Invoked command in '/home/thibault/ros2_ws/src/nimblbot-welding/telesoud_msgs/build/telesoud_msgs' returned '0': CMAKE_PREFIX_PATH=${CMAKE_PREFIX_PATH}:/home/thibault/ros2_ws/install/nimblbot_welding_trajectory_executor:/home/thibault/ros2_ws/install/nimblbot_welding_path_generator:/home/thibault/ros2_ws/install/nimblbot_welding_cartesian_command:/home/thibault/ros2_ws/install/nimblbot_simulation_scenes:/home/thibault/ros2_ws/install/nimblbot_kinematics:/home/thibault/ros2_ws/install/nimblbot_driver:/home/thibault/ros2_ws/install/nimblbot_control:/home/thibault/ros2_ws/install/nimblbot_cartesian_command:/home/thibault/ros2_ws/install/moveit_configs_utils:/opt/ros/iron RCUTILS_CONSOLE_OUTPUT_FORMAT=[{name}] {message} /usr/bin/cmake --install /home/thibault/ros2_ws/src/nimblbot-welding/telesoud_msgs/build/telesoud_msgs
[3.474s] Level 1:colcon.colcon_core.environment:checking '/home/thibault/ros2_ws/src/nimblbot-welding/telesoud_msgs/install/telesoud_msgs' for CMake module files
[3.475s] Level 1:colcon.colcon_core.environment:checking '/home/thibault/ros2_ws/src/nimblbot-welding/telesoud_msgs/install/telesoud_msgs' for CMake config files
[3.475s] Level 1:colcon.colcon_core.shell:create_environment_hook('telesoud_msgs', 'cmake_prefix_path')
[3.475s] INFO:colcon.colcon_core.shell:Creating environment hook '/home/thibault/ros2_ws/src/nimblbot-welding/telesoud_msgs/install/telesoud_msgs/share/telesoud_msgs/hook/cmake_prefix_path.ps1'
[3.476s] INFO:colcon.colcon_core.shell:Creating environment descriptor '/home/thibault/ros2_ws/src/nimblbot-welding/telesoud_msgs/install/telesoud_msgs/share/telesoud_msgs/hook/cmake_prefix_path.dsv'
[3.476s] INFO:colcon.colcon_core.shell:Creating environment hook '/home/thibault/ros2_ws/src/nimblbot-welding/telesoud_msgs/install/telesoud_msgs/share/telesoud_msgs/hook/cmake_prefix_path.sh'
[3.477s] Level 1:colcon.colcon_core.environment:checking '/home/thibault/ros2_ws/src/nimblbot-welding/telesoud_msgs/install/telesoud_msgs/lib'
[3.477s] Level 1:colcon.colcon_core.shell:create_environment_hook('telesoud_msgs', 'ld_library_path_lib')
[3.477s] INFO:colcon.colcon_core.shell:Creating environment hook '/home/thibault/ros2_ws/src/nimblbot-welding/telesoud_msgs/install/telesoud_msgs/share/telesoud_msgs/hook/ld_library_path_lib.ps1'
[3.477s] INFO:colcon.colcon_core.shell:Creating environment descriptor '/home/thibault/ros2_ws/src/nimblbot-welding/telesoud_msgs/install/telesoud_msgs/share/telesoud_msgs/hook/ld_library_path_lib.dsv'
[3.477s] INFO:colcon.colcon_core.shell:Creating environment hook '/home/thibault/ros2_ws/src/nimblbot-welding/telesoud_msgs/install/telesoud_msgs/share/telesoud_msgs/hook/ld_library_path_lib.sh'
[3.478s] Level 1:colcon.colcon_core.environment:checking '/home/thibault/ros2_ws/src/nimblbot-welding/telesoud_msgs/install/telesoud_msgs/bin'
[3.478s] Level 1:colcon.colcon_core.environment:checking '/home/thibault/ros2_ws/src/nimblbot-welding/telesoud_msgs/install/telesoud_msgs/lib/pkgconfig/telesoud_msgs.pc'
[3.478s] Level 1:colcon.colcon_core.environment:checking '/home/thibault/ros2_ws/src/nimblbot-welding/telesoud_msgs/install/telesoud_msgs/lib/python3.10/site-packages'
[3.478s] Level 1:colcon.colcon_core.shell:create_environment_hook('telesoud_msgs', 'pythonpath')
[3.478s] INFO:colcon.colcon_core.shell:Creating environment hook '/home/thibault/ros2_ws/src/nimblbot-welding/telesoud_msgs/install/telesoud_msgs/share/telesoud_msgs/hook/pythonpath.ps1'
[3.478s] INFO:colcon.colcon_core.shell:Creating environment descriptor '/home/thibault/ros2_ws/src/nimblbot-welding/telesoud_msgs/install/telesoud_msgs/share/telesoud_msgs/hook/pythonpath.dsv'
[3.478s] INFO:colcon.colcon_core.shell:Creating environment hook '/home/thibault/ros2_ws/src/nimblbot-welding/telesoud_msgs/install/telesoud_msgs/share/telesoud_msgs/hook/pythonpath.sh'
[3.479s] Level 1:colcon.colcon_core.environment:checking '/home/thibault/ros2_ws/src/nimblbot-welding/telesoud_msgs/install/telesoud_msgs/bin'
[3.479s] INFO:colcon.colcon_core.shell:Creating package script '/home/thibault/ros2_ws/src/nimblbot-welding/telesoud_msgs/install/telesoud_msgs/share/telesoud_msgs/package.ps1'
[3.479s] INFO:colcon.colcon_core.shell:Creating package descriptor '/home/thibault/ros2_ws/src/nimblbot-welding/telesoud_msgs/install/telesoud_msgs/share/telesoud_msgs/package.dsv'
[3.480s] INFO:colcon.colcon_core.shell:Creating package script '/home/thibault/ros2_ws/src/nimblbot-welding/telesoud_msgs/install/telesoud_msgs/share/telesoud_msgs/package.sh'
[3.480s] INFO:colcon.colcon_core.shell:Creating package script '/home/thibault/ros2_ws/src/nimblbot-welding/telesoud_msgs/install/telesoud_msgs/share/telesoud_msgs/package.bash'
[3.481s] INFO:colcon.colcon_core.shell:Creating package script '/home/thibault/ros2_ws/src/nimblbot-welding/telesoud_msgs/install/telesoud_msgs/share/telesoud_msgs/package.zsh'
[3.481s] Level 1:colcon.colcon_core.environment:create_file_with_runtime_dependencies(/home/thibault/ros2_ws/src/nimblbot-welding/telesoud_msgs/install/telesoud_msgs/share/colcon-core/packages/telesoud_msgs)
[3.481s] Level 1:colcon.colcon_core.environment:create_environment_scripts_only(telesoud_msgs)
[3.481s] Level 1:colcon.colcon_core.environment:checking '/home/thibault/ros2_ws/src/nimblbot-welding/telesoud_msgs/install/telesoud_msgs' for CMake module files
[3.482s] Level 1:colcon.colcon_core.environment:checking '/home/thibault/ros2_ws/src/nimblbot-welding/telesoud_msgs/install/telesoud_msgs' for CMake config files
[3.482s] Level 1:colcon.colcon_core.shell:create_environment_hook('telesoud_msgs', 'cmake_prefix_path')
[3.482s] INFO:colcon.colcon_core.shell:Creating environment hook '/home/thibault/ros2_ws/src/nimblbot-welding/telesoud_msgs/install/telesoud_msgs/share/telesoud_msgs/hook/cmake_prefix_path.ps1'
[3.482s] INFO:colcon.colcon_core.shell:Creating environment descriptor '/home/thibault/ros2_ws/src/nimblbot-welding/telesoud_msgs/install/telesoud_msgs/share/telesoud_msgs/hook/cmake_prefix_path.dsv'
[3.483s] INFO:colcon.colcon_core.shell:Creating environment hook '/home/thibault/ros2_ws/src/nimblbot-welding/telesoud_msgs/install/telesoud_msgs/share/telesoud_msgs/hook/cmake_prefix_path.sh'
[3.483s] Level 1:colcon.colcon_core.environment:checking '/home/thibault/ros2_ws/src/nimblbot-welding/telesoud_msgs/install/telesoud_msgs/lib'
[3.483s] Level 1:colcon.colcon_core.shell:create_environment_hook('telesoud_msgs', 'ld_library_path_lib')
[3.483s] INFO:colcon.colcon_core.shell:Creating environment hook '/home/thibault/ros2_ws/src/nimblbot-welding/telesoud_msgs/install/telesoud_msgs/share/telesoud_msgs/hook/ld_library_path_lib.ps1'
[3.483s] INFO:colcon.colcon_core.shell:Creating environment descriptor '/home/thibault/ros2_ws/src/nimblbot-welding/telesoud_msgs/install/telesoud_msgs/share/telesoud_msgs/hook/ld_library_path_lib.dsv'
[3.483s] INFO:colcon.colcon_core.shell:Creating environment hook '/home/thibault/ros2_ws/src/nimblbot-welding/telesoud_msgs/install/telesoud_msgs/share/telesoud_msgs/hook/ld_library_path_lib.sh'
[3.484s] Level 1:colcon.colcon_core.environment:checking '/home/thibault/ros2_ws/src/nimblbot-welding/telesoud_msgs/install/telesoud_msgs/bin'
[3.484s] Level 1:colcon.colcon_core.environment:checking '/home/thibault/ros2_ws/src/nimblbot-welding/telesoud_msgs/install/telesoud_msgs/lib/pkgconfig/telesoud_msgs.pc'
[3.484s] Level 1:colcon.colcon_core.environment:checking '/home/thibault/ros2_ws/src/nimblbot-welding/telesoud_msgs/install/telesoud_msgs/lib/python3.10/site-packages'
[3.484s] Level 1:colcon.colcon_core.shell:create_environment_hook('telesoud_msgs', 'pythonpath')
[3.484s] INFO:colcon.colcon_core.shell:Creating environment hook '/home/thibault/ros2_ws/src/nimblbot-welding/telesoud_msgs/install/telesoud_msgs/share/telesoud_msgs/hook/pythonpath.ps1'
[3.484s] INFO:colcon.colcon_core.shell:Creating environment descriptor '/home/thibault/ros2_ws/src/nimblbot-welding/telesoud_msgs/install/telesoud_msgs/share/telesoud_msgs/hook/pythonpath.dsv'
[3.484s] INFO:colcon.colcon_core.shell:Creating environment hook '/home/thibault/ros2_ws/src/nimblbot-welding/telesoud_msgs/install/telesoud_msgs/share/telesoud_msgs/hook/pythonpath.sh'
[3.485s] Level 1:colcon.colcon_core.environment:checking '/home/thibault/ros2_ws/src/nimblbot-welding/telesoud_msgs/install/telesoud_msgs/bin'
[3.485s] INFO:colcon.colcon_core.shell:Creating package script '/home/thibault/ros2_ws/src/nimblbot-welding/telesoud_msgs/install/telesoud_msgs/share/telesoud_msgs/package.ps1'
[3.485s] INFO:colcon.colcon_core.shell:Creating package descriptor '/home/thibault/ros2_ws/src/nimblbot-welding/telesoud_msgs/install/telesoud_msgs/share/telesoud_msgs/package.dsv'
[3.486s] INFO:colcon.colcon_core.shell:Creating package script '/home/thibault/ros2_ws/src/nimblbot-welding/telesoud_msgs/install/telesoud_msgs/share/telesoud_msgs/package.sh'
[3.486s] INFO:colcon.colcon_core.shell:Creating package script '/home/thibault/ros2_ws/src/nimblbot-welding/telesoud_msgs/install/telesoud_msgs/share/telesoud_msgs/package.bash'
[3.486s] INFO:colcon.colcon_core.shell:Creating package script '/home/thibault/ros2_ws/src/nimblbot-welding/telesoud_msgs/install/telesoud_msgs/share/telesoud_msgs/package.zsh'
[3.487s] Level 1:colcon.colcon_core.environment:create_file_with_runtime_dependencies(/home/thibault/ros2_ws/src/nimblbot-welding/telesoud_msgs/install/telesoud_msgs/share/colcon-core/packages/telesoud_msgs)
[3.487s] DEBUG:colcon.colcon_parallel_executor.executor.parallel:closing loop
[3.488s] DEBUG:colcon.colcon_parallel_executor.executor.parallel:loop closed
[3.488s] DEBUG:colcon.colcon_parallel_executor.executor.parallel:run_until_complete finished with '0'
[3.488s] DEBUG:colcon.colcon_core.event_reactor:joining thread
[3.491s] INFO:colcon.colcon_core.plugin_system:Skipping extension 'colcon_notification.desktop_notification.terminal_notifier': Not used on non-Darwin systems
[3.491s] INFO:colcon.colcon_core.plugin_system:Skipping extension 'colcon_notification.desktop_notification.win32': Not used on non-Windows systems
[3.491s] INFO:colcon.colcon_notification.desktop_notification:Sending desktop notification using 'notify2'
[3.499s] DEBUG:colcon.colcon_core.event_reactor:joined thread
[3.499s] INFO:colcon.colcon_core.shell:Creating prefix script '/home/thibault/ros2_ws/src/nimblbot-welding/telesoud_msgs/install/local_setup.ps1'
[3.500s] INFO:colcon.colcon_core.shell:Creating prefix util module '/home/thibault/ros2_ws/src/nimblbot-welding/telesoud_msgs/install/_local_setup_util_ps1.py'
[3.501s] INFO:colcon.colcon_core.shell:Creating prefix chain script '/home/thibault/ros2_ws/src/nimblbot-welding/telesoud_msgs/install/setup.ps1'
[3.503s] INFO:colcon.colcon_core.shell:Creating prefix script '/home/thibault/ros2_ws/src/nimblbot-welding/telesoud_msgs/install/local_setup.sh'
[3.503s] INFO:colcon.colcon_core.shell:Creating prefix util module '/home/thibault/ros2_ws/src/nimblbot-welding/telesoud_msgs/install/_local_setup_util_sh.py'
[3.504s] INFO:colcon.colcon_core.shell:Creating prefix chain script '/home/thibault/ros2_ws/src/nimblbot-welding/telesoud_msgs/install/setup.sh'
[3.506s] INFO:colcon.colcon_core.shell:Creating prefix script '/home/thibault/ros2_ws/src/nimblbot-welding/telesoud_msgs/install/local_setup.bash'
[3.506s] INFO:colcon.colcon_core.shell:Creating prefix chain script '/home/thibault/ros2_ws/src/nimblbot-welding/telesoud_msgs/install/setup.bash'
[3.507s] INFO:colcon.colcon_core.shell:Creating prefix script '/home/thibault/ros2_ws/src/nimblbot-welding/telesoud_msgs/install/local_setup.zsh'
[3.507s] INFO:colcon.colcon_core.shell:Creating prefix chain script '/home/thibault/ros2_ws/src/nimblbot-welding/telesoud_msgs/install/setup.zsh'
