[0.008s] Invoking command in '/home/thibault/ros2_ws/src/nimblbot-welding/telesoud_msgs/build/telesoud_msgs': CMAKE_PREFIX_PATH=${CMAKE_PREFIX_PATH}:/home/thibault/ros2_ws/install/nimblbot_welding_trajectory_executor:/home/thibault/ros2_ws/install/nimblbot_welding_path_generator:/home/thibault/ros2_ws/install/nimblbot_welding_cartesian_command:/home/thibault/ros2_ws/install/nimblbot_simulation_scenes:/home/thibault/ros2_ws/install/nimblbot_kinematics:/home/thibault/ros2_ws/install/nimblbot_driver:/home/thibault/ros2_ws/install/nimblbot_control:/home/thibault/ros2_ws/install/nimblbot_cartesian_command:/home/thibault/ros2_ws/install/moveit_configs_utils:/opt/ros/iron RCUTILS_CONSOLE_OUTPUT_FORMAT=[{name}] {message} /usr/bin/cmake /home/thibault/ros2_ws/src/nimblbot-welding/telesoud_msgs -DAMENT_CMAKE_SYMLINK_INSTALL=1 -DCMAKE_INSTALL_PREFIX=/home/thibault/ros2_ws/src/nimblbot-welding/telesoud_msgs/install/telesoud_msgs
[0.048s] -- The C compiler identification is GNU 11.4.0
[0.096s] -- The CXX compiler identification is GNU 11.4.0
[0.101s] -- Detecting C compiler ABI info
[0.156s] -- Detecting C compiler ABI info - done
[0.160s] -- Check for working C compiler: /usr/bin/cc - skipped
[0.160s] -- Detecting C compile features
[0.161s] -- Detecting C compile features - done
[0.163s] -- Detecting CXX compiler ABI info
[0.226s] -- Detecting CXX compiler ABI info - done
[0.231s] -- Check for working CXX compiler: /usr/bin/c++ - skipped
[0.231s] -- Detecting CXX compile features
[0.231s] -- Detecting CXX compile features - done
[0.234s] -- Found ament_cmake: 2.0.7 (/opt/ros/iron/share/ament_cmake/cmake)
[0.365s] -- Found Python3: /usr/bin/python3.10 (found version "3.10.12") found components: Interpreter 
[0.416s] -- Override CMake install command with custom implementation using symlinks instead of copying resources
[0.444s] -- Found rosidl_default_generators: 1.5.0 (/opt/ros/iron/share/rosidl_default_generators/cmake)
[0.450s] -- Using all available rosidl_typesupport_c: rosidl_typesupport_fastrtps_c;rosidl_typesupport_introspection_c
[0.489s] -- Using all available rosidl_typesupport_cpp: rosidl_typesupport_fastrtps_cpp;rosidl_typesupport_introspection_cpp
[0.522s] -- Found rosidl_adapter: 4.0.1 (/opt/ros/iron/share/rosidl_adapter/cmake)
[0.526s] [31mCMake Error at /opt/ros/iron/share/rosidl_cmake/cmake/rosidl_generate_interfaces.cmake:95 (message):
[0.526s]   rosidl_generate_interfaces() the passed file 'msg/TelesoudINstruction.msg'
[0.526s]   doesn't exist relative to the CMAKE_CURRENT_SOURCE_DIR
[0.526s]   '/home/thibault/ros2_ws/src/nimblbot-welding/telesoud_msgs'
[0.526s] Call Stack (most recent call first):
[0.526s]   CMakeLists.txt:11 (rosidl_generate_interfaces)
[0.526s] 
[0.526s] [0m
[0.526s] -- Configuring incomplete, errors occurred!
[0.526s] See also "/home/thibault/ros2_ws/src/nimblbot-welding/telesoud_msgs/build/telesoud_msgs/CMakeFiles/CMakeOutput.log".
[0.531s] Invoked command in '/home/thibault/ros2_ws/src/nimblbot-welding/telesoud_msgs/build/telesoud_msgs' returned '1': CMAKE_PREFIX_PATH=${CMAKE_PREFIX_PATH}:/home/thibault/ros2_ws/install/nimblbot_welding_trajectory_executor:/home/thibault/ros2_ws/install/nimblbot_welding_path_generator:/home/thibault/ros2_ws/install/nimblbot_welding_cartesian_command:/home/thibault/ros2_ws/install/nimblbot_simulation_scenes:/home/thibault/ros2_ws/install/nimblbot_kinematics:/home/thibault/ros2_ws/install/nimblbot_driver:/home/thibault/ros2_ws/install/nimblbot_control:/home/thibault/ros2_ws/install/nimblbot_cartesian_command:/home/thibault/ros2_ws/install/moveit_configs_utils:/opt/ros/iron RCUTILS_CONSOLE_OUTPUT_FORMAT=[{name}] {message} /usr/bin/cmake /home/thibault/ros2_ws/src/nimblbot-welding/telesoud_msgs -DAMENT_CMAKE_SYMLINK_INSTALL=1 -DCMAKE_INSTALL_PREFIX=/home/thibault/ros2_ws/src/nimblbot-welding/telesoud_msgs/install/telesoud_msgs
